mode: set
github.com/weibh/taskmanager/infrastructure/skill/loader.go:34.54,39.2 2 0
github.com/weibh/taskmanager/infrastructure/skill/loader.go:43.67,46.32 2 1
github.com/weibh/taskmanager/infrastructure/skill/loader.go:46.32,47.26 1 1
github.com/weibh/taskmanager/infrastructure/skill/loader.go:47.26,49.4 1 1
github.com/weibh/taskmanager/infrastructure/skill/loader.go:51.2,53.3 1 1
github.com/weibh/taskmanager/infrastructure/skill/loader.go:57.50,59.2 1 1
github.com/weibh/taskmanager/infrastructure/skill/loader.go:63.58,67.67 2 0
github.com/weibh/taskmanager/infrastructure/skill/loader.go:67.67,68.21 1 0
github.com/weibh/taskmanager/infrastructure/skill/loader.go:68.21,70.4 1 0
github.com/weibh/taskmanager/infrastructure/skill/loader.go:74.2,74.53 1 0
github.com/weibh/taskmanager/infrastructure/skill/loader.go:74.53,76.25 2 0
github.com/weibh/taskmanager/infrastructure/skill/loader.go:76.25,78.4 1 0
github.com/weibh/taskmanager/infrastructure/skill/loader.go:82.2,82.49 1 0
github.com/weibh/taskmanager/infrastructure/skill/loader.go:82.49,84.22 2 0
github.com/weibh/taskmanager/infrastructure/skill/loader.go:84.22,86.4 1 0
github.com/weibh/taskmanager/infrastructure/skill/loader.go:90.2,90.21 1 0
github.com/weibh/taskmanager/infrastructure/skill/loader.go:90.21,92.27 2 0
github.com/weibh/taskmanager/infrastructure/skill/loader.go:92.27,94.4 1 0
github.com/weibh/taskmanager/infrastructure/skill/loader.go:98.2,99.16 2 0
github.com/weibh/taskmanager/infrastructure/skill/loader.go:99.16,101.21 2 0
github.com/weibh/taskmanager/infrastructure/skill/loader.go:101.21,103.4 1 0
github.com/weibh/taskmanager/infrastructure/skill/loader.go:106.2,106.14 1 0
github.com/weibh/taskmanager/infrastructure/skill/loader.go:110.35,112.16 2 0
github.com/weibh/taskmanager/infrastructure/skill/loader.go:112.16,114.3 1 0
github.com/weibh/taskmanager/infrastructure/skill/loader.go:115.2,115.26 1 0
github.com/weibh/taskmanager/infrastructure/skill/loader.go:119.49,123.43 2 1
github.com/weibh/taskmanager/infrastructure/skill/loader.go:123.43,124.25 1 1
github.com/weibh/taskmanager/infrastructure/skill/loader.go:124.25,125.12 1 0
github.com/weibh/taskmanager/infrastructure/skill/loader.go:128.3,129.17 2 1
github.com/weibh/taskmanager/infrastructure/skill/loader.go:129.17,130.12 1 0
github.com/weibh/taskmanager/infrastructure/skill/loader.go:133.3,133.33 1 1
github.com/weibh/taskmanager/infrastructure/skill/loader.go:133.33,134.22 1 1
github.com/weibh/taskmanager/infrastructure/skill/loader.go:134.22,135.13 1 0
github.com/weibh/taskmanager/infrastructure/skill/loader.go:138.4,142.55 3 1
github.com/weibh/taskmanager/infrastructure/skill/loader.go:142.55,143.13 1 0
github.com/weibh/taskmanager/infrastructure/skill/loader.go:146.4,146.48 1 1
github.com/weibh/taskmanager/infrastructure/skill/loader.go:146.48,147.13 1 0
github.com/weibh/taskmanager/infrastructure/skill/loader.go:151.4,154.18 4 1
github.com/weibh/taskmanager/infrastructure/skill/loader.go:154.18,156.5 1 0
github.com/weibh/taskmanager/infrastructure/skill/loader.go:157.4,158.40 2 1
github.com/weibh/taskmanager/infrastructure/skill/loader.go:158.40,160.5 1 1
github.com/weibh/taskmanager/infrastructure/skill/loader.go:163.4,168.5 1 1
github.com/weibh/taskmanager/infrastructure/skill/loader.go:173.2,174.33 2 1
github.com/weibh/taskmanager/infrastructure/skill/loader.go:174.33,176.3 1 1
github.com/weibh/taskmanager/infrastructure/skill/loader.go:178.2,178.15 1 1
github.com/weibh/taskmanager/infrastructure/skill/loader.go:182.54,184.48 1 1
github.com/weibh/taskmanager/infrastructure/skill/loader.go:184.48,186.3 1 1
github.com/weibh/taskmanager/infrastructure/skill/loader.go:189.2,189.47 1 1
github.com/weibh/taskmanager/infrastructure/skill/loader.go:189.47,193.54 3 1
github.com/weibh/taskmanager/infrastructure/skill/loader.go:193.54,195.4 1 1
github.com/weibh/taskmanager/infrastructure/skill/loader.go:198.2,198.11 1 1
github.com/weibh/taskmanager/infrastructure/skill/loader.go:202.61,204.19 2 1
github.com/weibh/taskmanager/infrastructure/skill/loader.go:204.19,206.3 1 0
github.com/weibh/taskmanager/infrastructure/skill/loader.go:207.2,207.36 1 1
github.com/weibh/taskmanager/infrastructure/skill/loader.go:211.72,213.48 1 1
github.com/weibh/taskmanager/infrastructure/skill/loader.go:213.48,215.3 1 0
github.com/weibh/taskmanager/infrastructure/skill/loader.go:218.2,219.47 2 1
github.com/weibh/taskmanager/infrastructure/skill/loader.go:219.47,223.54 3 1
github.com/weibh/taskmanager/infrastructure/skill/loader.go:223.54,225.9 2 1
github.com/weibh/taskmanager/infrastructure/skill/loader.go:229.2,229.19 1 1
github.com/weibh/taskmanager/infrastructure/skill/loader.go:229.19,231.3 1 0
github.com/weibh/taskmanager/infrastructure/skill/loader.go:233.2,233.40 1 1
github.com/weibh/taskmanager/infrastructure/skill/loader.go:233.40,235.3 1 0
github.com/weibh/taskmanager/infrastructure/skill/loader.go:238.2,240.20 3 1
github.com/weibh/taskmanager/infrastructure/skill/loader.go:240.20,242.3 1 0
github.com/weibh/taskmanager/infrastructure/skill/loader.go:245.2,246.68 2 1
github.com/weibh/taskmanager/infrastructure/skill/loader.go:246.68,248.3 1 0
github.com/weibh/taskmanager/infrastructure/skill/loader.go:250.2,251.35 2 1
github.com/weibh/taskmanager/infrastructure/skill/loader.go:251.35,252.36 1 1
github.com/weibh/taskmanager/infrastructure/skill/loader.go:252.36,254.4 1 1
github.com/weibh/taskmanager/infrastructure/skill/loader.go:257.2,257.15 1 1
github.com/weibh/taskmanager/infrastructure/skill/loader.go:261.60,263.17 2 1
github.com/weibh/taskmanager/infrastructure/skill/loader.go:263.17,265.3 1 0
github.com/weibh/taskmanager/infrastructure/skill/loader.go:268.2,268.43 1 1
github.com/weibh/taskmanager/infrastructure/skill/loader.go:268.43,269.48 1 1
github.com/weibh/taskmanager/infrastructure/skill/loader.go:269.48,271.36 2 1
github.com/weibh/taskmanager/infrastructure/skill/loader.go:271.36,273.5 1 1
github.com/weibh/taskmanager/infrastructure/skill/loader.go:278.2,278.42 1 1
github.com/weibh/taskmanager/infrastructure/skill/loader.go:278.42,279.48 1 0
github.com/weibh/taskmanager/infrastructure/skill/loader.go:279.48,281.41 2 0
github.com/weibh/taskmanager/infrastructure/skill/loader.go:281.41,283.5 1 0
github.com/weibh/taskmanager/infrastructure/skill/loader.go:287.2,287.13 1 1
github.com/weibh/taskmanager/infrastructure/skill/loader.go:291.67,293.17 2 1
github.com/weibh/taskmanager/infrastructure/skill/loader.go:293.17,295.3 1 0
github.com/weibh/taskmanager/infrastructure/skill/loader.go:297.2,299.43 2 1
github.com/weibh/taskmanager/infrastructure/skill/loader.go:299.43,300.48 1 1
github.com/weibh/taskmanager/infrastructure/skill/loader.go:300.48,302.36 2 1
github.com/weibh/taskmanager/infrastructure/skill/loader.go:302.36,304.5 1 1
github.com/weibh/taskmanager/infrastructure/skill/loader.go:308.2,308.42 1 1
github.com/weibh/taskmanager/infrastructure/skill/loader.go:308.42,309.48 1 1
github.com/weibh/taskmanager/infrastructure/skill/loader.go:309.48,311.41 2 1
github.com/weibh/taskmanager/infrastructure/skill/loader.go:311.41,313.5 1 1
github.com/weibh/taskmanager/infrastructure/skill/loader.go:317.2,317.36 1 1
github.com/weibh/taskmanager/infrastructure/skill/loader.go:321.34,323.72 2 1
github.com/weibh/taskmanager/infrastructure/skill/loader.go:323.72,324.62 1 1
github.com/weibh/taskmanager/infrastructure/skill/loader.go:324.62,326.4 1 1
github.com/weibh/taskmanager/infrastructure/skill/loader.go:328.2,328.14 1 1
github.com/weibh/taskmanager/infrastructure/skill/loader.go:332.64,333.39 1 1
github.com/weibh/taskmanager/infrastructure/skill/loader.go:333.39,336.3 2 1
github.com/weibh/taskmanager/infrastructure/skill/loader.go:337.2,337.35 1 1
github.com/weibh/taskmanager/infrastructure/skill/loader.go:341.43,343.119 1 1
github.com/weibh/taskmanager/infrastructure/skill/loader.go:343.119,345.3 1 1
github.com/weibh/taskmanager/infrastructure/skill/loader.go:348.2,348.34 1 1
github.com/weibh/taskmanager/infrastructure/skill/loader.go:348.34,350.3 1 1
github.com/weibh/taskmanager/infrastructure/skill/loader.go:353.2,353.35 1 1
github.com/weibh/taskmanager/infrastructure/skill/loader.go:353.35,355.3 1 1
github.com/weibh/taskmanager/infrastructure/skill/loader.go:357.2,357.12 1 1
github.com/weibh/taskmanager/infrastructure/skill/loader.go:361.30,363.16 2 1
github.com/weibh/taskmanager/infrastructure/skill/loader.go:363.16,365.3 1 1
github.com/weibh/taskmanager/infrastructure/skill/loader.go:366.2,366.21 1 1
github.com/weibh/taskmanager/infrastructure/trace/context.go:22.50,25.2 2 1
github.com/weibh/taskmanager/infrastructure/trace/context.go:27.49,30.2 2 1
github.com/weibh/taskmanager/infrastructure/trace/context.go:36.38,38.2 1 0
github.com/weibh/taskmanager/infrastructure/trace/context.go:41.25,43.2 1 0
github.com/weibh/taskmanager/infrastructure/trace/context.go:46.26,48.2 1 1
github.com/weibh/taskmanager/infrastructure/trace/context.go:51.25,53.2 1 1
github.com/weibh/taskmanager/infrastructure/trace/context.go:80.71,82.2 1 1
github.com/weibh/taskmanager/infrastructure/trace/context.go:85.69,87.2 1 1
github.com/weibh/taskmanager/infrastructure/trace/context.go:90.81,92.2 1 1
github.com/weibh/taskmanager/infrastructure/trace/context.go:95.77,97.2 1 0
github.com/weibh/taskmanager/infrastructure/trace/context.go:100.71,102.2 1 0
github.com/weibh/taskmanager/infrastructure/trace/context.go:105.87,109.2 3 0
github.com/weibh/taskmanager/infrastructure/trace/context.go:112.73,114.2 1 0
github.com/weibh/taskmanager/infrastructure/trace/context.go:117.79,119.2 1 0
github.com/weibh/taskmanager/infrastructure/trace/context.go:122.75,124.2 1 0
github.com/weibh/taskmanager/infrastructure/trace/context.go:127.45,128.74 1 1
github.com/weibh/taskmanager/infrastructure/trace/context.go:128.74,130.3 1 1
github.com/weibh/taskmanager/infrastructure/trace/context.go:131.2,131.21 1 1
github.com/weibh/taskmanager/infrastructure/trace/context.go:135.44,136.71 1 0
github.com/weibh/taskmanager/infrastructure/trace/context.go:136.71,138.3 1 0
github.com/weibh/taskmanager/infrastructure/trace/context.go:139.2,139.20 1 0
github.com/weibh/taskmanager/infrastructure/trace/context.go:143.50,144.67 1 1
github.com/weibh/taskmanager/infrastructure/trace/context.go:144.67,146.3 1 1
github.com/weibh/taskmanager/infrastructure/trace/context.go:147.2,147.11 1 1
github.com/weibh/taskmanager/infrastructure/trace/context.go:151.48,152.63 1 0
github.com/weibh/taskmanager/infrastructure/trace/context.go:152.63,154.3 1 0
github.com/weibh/taskmanager/infrastructure/trace/context.go:155.2,155.11 1 0
github.com/weibh/taskmanager/infrastructure/trace/context.go:159.45,160.57 1 0
github.com/weibh/taskmanager/infrastructure/trace/context.go:160.57,162.3 1 0
github.com/weibh/taskmanager/infrastructure/trace/context.go:163.2,163.11 1 0
github.com/weibh/taskmanager/infrastructure/trace/context.go:167.46,168.59 1 0
github.com/weibh/taskmanager/infrastructure/trace/context.go:168.59,170.3 1 0
github.com/weibh/taskmanager/infrastructure/trace/context.go:171.2,171.11 1 0
github.com/weibh/taskmanager/infrastructure/trace/context.go:175.49,176.65 1 0
github.com/weibh/taskmanager/infrastructure/trace/context.go:176.65,178.3 1 0
github.com/weibh/taskmanager/infrastructure/trace/context.go:179.2,179.11 1 0
github.com/weibh/taskmanager/infrastructure/trace/context.go:183.47,184.61 1 0
github.com/weibh/taskmanager/infrastructure/trace/context.go:184.61,186.3 1 0
github.com/weibh/taskmanager/infrastructure/trace/context.go:187.2,187.11 1 0
github.com/weibh/taskmanager/infrastructure/trace/context.go:191.49,192.57 1 0
github.com/weibh/taskmanager/infrastructure/trace/context.go:192.57,194.3 1 0
github.com/weibh/taskmanager/infrastructure/trace/context.go:195.2,195.11 1 0
github.com/weibh/taskmanager/infrastructure/trace/context.go:199.48,200.55 1 1
github.com/weibh/taskmanager/infrastructure/trace/context.go:200.55,202.3 1 1
github.com/weibh/taskmanager/infrastructure/trace/context.go:203.2,203.11 1 1
github.com/weibh/taskmanager/infrastructure/trace/context.go:207.63,212.24 4 1
github.com/weibh/taskmanager/infrastructure/trace/context.go:212.24,214.3 1 1
github.com/weibh/taskmanager/infrastructure/trace/context.go:216.2,216.23 1 1
github.com/weibh/taskmanager/infrastructure/trace/context.go:220.72,228.2 5 1
github.com/weibh/taskmanager/infrastructure/utils/id_generator.go:17.52,18.15 1 1
github.com/weibh/taskmanager/infrastructure/utils/id_generator.go:18.15,20.3 1 1
github.com/weibh/taskmanager/infrastructure/utils/id_generator.go:21.2,21.37 1 1
github.com/weibh/taskmanager/infrastructure/utils/id_generator.go:25.45,28.2 2 1
github.com/weibh/taskmanager/pkg/bus/events.go:17.46,19.2 1 1
github.com/weibh/taskmanager/pkg/bus/events.go:41.83,51.2 1 1
github.com/weibh/taskmanager/pkg/bus/events.go:54.75,62.2 1 1
github.com/weibh/taskmanager/pkg/bus/events.go:65.85,73.2 1 1
github.com/weibh/taskmanager/pkg/bus/message_bus.go:30.52,31.19 1 1
github.com/weibh/taskmanager/pkg/bus/message_bus.go:31.19,33.3 1 1
github.com/weibh/taskmanager/pkg/bus/message_bus.go:34.2,41.3 1 1
github.com/weibh/taskmanager/pkg/bus/message_bus.go:45.58,47.2 1 1
github.com/weibh/taskmanager/pkg/bus/message_bus.go:50.83,51.9 1 1
github.com/weibh/taskmanager/pkg/bus/message_bus.go:52.26,53.18 1 1
github.com/weibh/taskmanager/pkg/bus/message_bus.go:54.20,55.24 1 1
github.com/weibh/taskmanager/pkg/bus/message_bus.go:60.60,62.2 1 1
github.com/weibh/taskmanager/pkg/bus/message_bus.go:65.85,66.9 1 1
github.com/weibh/taskmanager/pkg/bus/message_bus.go:67.27,68.18 1 1
github.com/weibh/taskmanager/pkg/bus/message_bus.go:69.20,70.24 1 0
github.com/weibh/taskmanager/pkg/bus/message_bus.go:75.56,76.9 1 1
github.com/weibh/taskmanager/pkg/bus/message_bus.go:77.25,77.25 0 1
github.com/weibh/taskmanager/pkg/bus/message_bus.go:78.10,82.4 1 0
github.com/weibh/taskmanager/pkg/bus/message_bus.go:87.83,91.2 3 1
github.com/weibh/taskmanager/pkg/bus/message_bus.go:94.79,98.2 3 1
github.com/weibh/taskmanager/pkg/bus/message_bus.go:101.59,105.2 3 1
github.com/weibh/taskmanager/pkg/bus/message_bus.go:108.56,109.23 1 1
github.com/weibh/taskmanager/pkg/bus/message_bus.go:109.23,110.10 1 1
github.com/weibh/taskmanager/pkg/bus/message_bus.go:111.28,112.32 1 1
github.com/weibh/taskmanager/pkg/bus/message_bus.go:113.21,115.10 2 0
github.com/weibh/taskmanager/pkg/bus/message_bus.go:121.62,122.23 1 1
github.com/weibh/taskmanager/pkg/bus/message_bus.go:122.23,123.10 1 1
github.com/weibh/taskmanager/pkg/bus/message_bus.go:124.28,125.40 1 1
github.com/weibh/taskmanager/pkg/bus/message_bus.go:126.21,128.10 2 0
github.com/weibh/taskmanager/pkg/bus/message_bus.go:134.66,139.39 4 1
github.com/weibh/taskmanager/pkg/bus/message_bus.go:139.39,140.39 1 1
github.com/weibh/taskmanager/pkg/bus/message_bus.go:140.39,145.4 1 0
github.com/weibh/taskmanager/pkg/bus/message_bus.go:150.70,155.39 4 1
github.com/weibh/taskmanager/pkg/bus/message_bus.go:155.39,156.41 1 1
github.com/weibh/taskmanager/pkg/bus/message_bus.go:156.41,161.4 1 0
github.com/weibh/taskmanager/pkg/bus/message_bus.go:166.29,168.2 1 1
github.com/weibh/taskmanager/pkg/bus/message_bus.go:171.40,173.2 1 1
github.com/weibh/taskmanager/pkg/bus/message_bus.go:176.41,178.2 1 1
github.com/weibh/taskmanager/pkg/bus/message_bus.go:181.39,183.2 1 1
github.com/weibh/taskmanager/pkg/channel/feishu/channel.go:20.90,21.19 1 0
github.com/weibh/taskmanager/pkg/channel/feishu/channel.go:21.19,23.3 1 0
github.com/weibh/taskmanager/pkg/channel/feishu/channel.go:25.2,26.24 2 0
github.com/weibh/taskmanager/pkg/channel/feishu/channel.go:26.24,28.3 1 0
github.com/weibh/taskmanager/pkg/channel/feishu/channel.go:29.2,36.3 1 0
github.com/weibh/taskmanager/pkg/channel/feishu/channel.go:40.33,42.2 1 0
github.com/weibh/taskmanager/pkg/channel/feishu/channel.go:45.33,47.2 1 0
github.com/weibh/taskmanager/pkg/channel/feishu/channel.go:50.41,52.2 1 0
github.com/weibh/taskmanager/pkg/channel/feishu/channel.go:55.52,56.54 1 0
github.com/weibh/taskmanager/pkg/channel/feishu/channel.go:56.54,59.3 2 0
github.com/weibh/taskmanager/pkg/channel/feishu/channel.go:61.2,83.73 7 0
github.com/weibh/taskmanager/pkg/channel/feishu/channel.go:83.73,85.26 1 0
github.com/weibh/taskmanager/pkg/channel/feishu/channel.go:85.26,86.83 1 0
github.com/weibh/taskmanager/pkg/channel/feishu/channel.go:86.83,87.38 1 0
github.com/weibh/taskmanager/pkg/channel/feishu/channel.go:87.38,90.6 1 0
github.com/weibh/taskmanager/pkg/channel/feishu/channel.go:93.3,93.37 1 0
github.com/weibh/taskmanager/pkg/channel/feishu/channel.go:93.37,96.4 2 0
github.com/weibh/taskmanager/pkg/channel/feishu/channel.go:99.3,99.26 1 0
github.com/weibh/taskmanager/pkg/channel/feishu/channel.go:99.26,100.98 1 0
github.com/weibh/taskmanager/pkg/channel/feishu/channel.go:100.98,102.5 1 0
github.com/weibh/taskmanager/pkg/channel/feishu/channel.go:105.3,105.13 1 0
github.com/weibh/taskmanager/pkg/channel/feishu/channel.go:108.2,116.12 4 0
github.com/weibh/taskmanager/pkg/channel/feishu/channel.go:120.40,123.16 2 0
github.com/weibh/taskmanager/pkg/channel/feishu/channel.go:123.16,125.17 2 0
github.com/weibh/taskmanager/pkg/channel/feishu/channel.go:125.17,126.26 1 0
github.com/weibh/taskmanager/pkg/channel/feishu/channel.go:126.26,129.5 1 0
github.com/weibh/taskmanager/pkg/channel/feishu/channel.go:130.4,130.70 1 0
github.com/weibh/taskmanager/pkg/channel/feishu/channel.go:133.3,133.17 1 0
github.com/weibh/taskmanager/pkg/channel/feishu/channel.go:133.17,134.9 1 0
github.com/weibh/taskmanager/pkg/channel/feishu/channel.go:138.3,138.10 1 0
github.com/weibh/taskmanager/pkg/channel/feishu/channel.go:139.38,139.38 0 0
github.com/weibh/taskmanager/pkg/channel/feishu/channel.go:140.23,141.10 1 0
github.com/weibh/taskmanager/pkg/channel/feishu/channel.go:147.26,149.21 2 0
github.com/weibh/taskmanager/pkg/channel/feishu/channel.go:149.21,151.3 1 0
github.com/weibh/taskmanager/pkg/channel/feishu/channel.go:155.2,157.41 2 0
github.com/weibh/taskmanager/pkg/channel/feishu/channel.go:161.36,163.2 1 0
github.com/weibh/taskmanager/pkg/channel/feishu/factory.go:10.111,23.63 2 0
github.com/weibh/taskmanager/pkg/channel/feishu/factory.go:23.63,25.34 2 0
github.com/weibh/taskmanager/pkg/channel/feishu/factory.go:25.34,26.34 1 0
github.com/weibh/taskmanager/pkg/channel/feishu/factory.go:26.34,28.5 1 0
github.com/weibh/taskmanager/pkg/channel/feishu/factory.go:32.2,32.49 1 0
github.com/weibh/taskmanager/pkg/channel/feishu/factory.go:36.61,37.34 1 1
github.com/weibh/taskmanager/pkg/channel/feishu/factory.go:37.34,39.3 1 1
github.com/weibh/taskmanager/pkg/channel/feishu/factory.go:40.2,40.11 1 1
github.com/weibh/taskmanager/pkg/channel/feishu/message.go:20.58,22.2 1 0
github.com/weibh/taskmanager/pkg/channel/feishu/message.go:25.104,29.40 3 0
github.com/weibh/taskmanager/pkg/channel/feishu/message.go:29.40,32.3 2 0
github.com/weibh/taskmanager/pkg/channel/feishu/message.go:34.2,38.37 4 0
github.com/weibh/taskmanager/pkg/channel/feishu/message.go:38.37,41.3 2 0
github.com/weibh/taskmanager/pkg/channel/feishu/message.go:44.2,45.39 2 0
github.com/weibh/taskmanager/pkg/channel/feishu/message.go:45.39,48.3 2 0
github.com/weibh/taskmanager/pkg/channel/feishu/message.go:51.2,51.61 1 0
github.com/weibh/taskmanager/pkg/channel/feishu/message.go:51.61,54.3 2 0
github.com/weibh/taskmanager/pkg/channel/feishu/message.go:57.2,58.61 2 0
github.com/weibh/taskmanager/pkg/channel/feishu/message.go:58.61,60.3 1 0
github.com/weibh/taskmanager/pkg/channel/feishu/message.go:63.2,64.27 2 0
github.com/weibh/taskmanager/pkg/channel/feishu/message.go:64.27,66.3 1 0
github.com/weibh/taskmanager/pkg/channel/feishu/message.go:69.2,70.29 2 0
github.com/weibh/taskmanager/pkg/channel/feishu/message.go:70.29,72.3 1 0
github.com/weibh/taskmanager/pkg/channel/feishu/message.go:75.2,76.32 2 0
github.com/weibh/taskmanager/pkg/channel/feishu/message.go:76.32,78.3 1 0
github.com/weibh/taskmanager/pkg/channel/feishu/message.go:81.2,82.19 2 0
github.com/weibh/taskmanager/pkg/channel/feishu/message.go:82.19,84.3 1 0
github.com/weibh/taskmanager/pkg/channel/feishu/message.go:87.2,88.23 2 0
github.com/weibh/taskmanager/pkg/channel/feishu/message.go:88.23,90.3 1 0
github.com/weibh/taskmanager/pkg/channel/feishu/message.go:93.2,93.33 1 0
github.com/weibh/taskmanager/pkg/channel/feishu/message.go:93.33,95.40 2 0
github.com/weibh/taskmanager/pkg/channel/feishu/message.go:95.40,96.21 1 0
github.com/weibh/taskmanager/pkg/channel/feishu/message.go:96.21,98.10 2 0
github.com/weibh/taskmanager/pkg/channel/feishu/message.go:101.3,101.15 1 0
github.com/weibh/taskmanager/pkg/channel/feishu/message.go:101.15,104.4 2 0
github.com/weibh/taskmanager/pkg/channel/feishu/message.go:107.2,140.12 4 0
github.com/weibh/taskmanager/pkg/channel/feishu/message.go:144.113,146.40 2 0
github.com/weibh/taskmanager/pkg/channel/feishu/message.go:146.40,149.65 3 0
github.com/weibh/taskmanager/pkg/channel/feishu/message.go:149.65,151.4 1 0
github.com/weibh/taskmanager/pkg/channel/feishu/message.go:152.3,155.4 1 0
github.com/weibh/taskmanager/pkg/channel/feishu/message.go:157.2,157.12 1 0
github.com/weibh/taskmanager/pkg/channel/feishu/message.go:161.113,163.40 2 0
github.com/weibh/taskmanager/pkg/channel/feishu/message.go:163.40,166.65 3 0
github.com/weibh/taskmanager/pkg/channel/feishu/message.go:166.65,168.4 1 0
github.com/weibh/taskmanager/pkg/channel/feishu/message.go:169.3,172.4 1 0
github.com/weibh/taskmanager/pkg/channel/feishu/message.go:174.2,174.12 1 0
github.com/weibh/taskmanager/pkg/channel/feishu/message.go:178.83,179.50 1 0
github.com/weibh/taskmanager/pkg/channel/feishu/message.go:179.50,181.3 1 0
github.com/weibh/taskmanager/pkg/channel/feishu/message.go:183.2,185.17 2 0
github.com/weibh/taskmanager/pkg/channel/feishu/message.go:186.14,187.29 1 0
github.com/weibh/taskmanager/pkg/channel/feishu/message.go:187.29,189.4 1 0
github.com/weibh/taskmanager/pkg/channel/feishu/message.go:191.3,192.79 2 0
github.com/weibh/taskmanager/pkg/channel/feishu/message.go:192.79,193.51 1 0
github.com/weibh/taskmanager/pkg/channel/feishu/message.go:193.51,195.5 1 0
github.com/weibh/taskmanager/pkg/channel/feishu/message.go:197.3,197.45 1 0
github.com/weibh/taskmanager/pkg/channel/feishu/message.go:198.15,199.19 1 0
github.com/weibh/taskmanager/pkg/channel/feishu/message.go:200.15,201.19 1 0
github.com/weibh/taskmanager/pkg/channel/feishu/message.go:202.14,203.18 1 0
github.com/weibh/taskmanager/pkg/channel/feishu/message.go:204.17,205.21 1 0
github.com/weibh/taskmanager/pkg/channel/feishu/message.go:206.10,207.29 1 0
github.com/weibh/taskmanager/pkg/channel/feishu/reaction.go:9.67,10.40 1 0
github.com/weibh/taskmanager/pkg/channel/feishu/reaction.go:10.40,12.3 1 0
github.com/weibh/taskmanager/pkg/channel/feishu/reaction.go:14.2,24.16 3 0
github.com/weibh/taskmanager/pkg/channel/feishu/reaction.go:24.16,27.3 2 0
github.com/weibh/taskmanager/pkg/channel/feishu/reaction.go:29.2,29.21 1 0
github.com/weibh/taskmanager/pkg/channel/feishu/reaction.go:29.21,35.3 2 0
github.com/weibh/taskmanager/pkg/channel/feishu/reaction.go:38.2,38.53 1 0
github.com/weibh/taskmanager/pkg/channel/feishu/reaction.go:38.53,49.3 4 0
github.com/weibh/taskmanager/pkg/channel/feishu/reaction.go:53.61,54.40 1 0
github.com/weibh/taskmanager/pkg/channel/feishu/reaction.go:54.40,56.3 1 0
github.com/weibh/taskmanager/pkg/channel/feishu/reaction.go:58.2,62.13 4 0
github.com/weibh/taskmanager/pkg/channel/feishu/reaction.go:62.13,67.3 2 0
github.com/weibh/taskmanager/pkg/channel/feishu/reaction.go:69.2,75.16 3 0
github.com/weibh/taskmanager/pkg/channel/feishu/reaction.go:75.16,78.3 2 0
github.com/weibh/taskmanager/pkg/channel/feishu/reaction.go:80.2,80.21 1 0
github.com/weibh/taskmanager/pkg/channel/feishu/reaction.go:80.21,86.3 2 0
github.com/weibh/taskmanager/pkg/channel/feishu/reaction.go:89.2,96.3 4 0
github.com/weibh/taskmanager/pkg/channel/feishu/sender.go:14.38,26.47 2 0
github.com/weibh/taskmanager/pkg/channel/feishu/sender.go:26.47,27.43 1 0
github.com/weibh/taskmanager/pkg/channel/feishu/sender.go:27.43,29.4 1 0
github.com/weibh/taskmanager/pkg/channel/feishu/sender.go:31.2,31.14 1 0
github.com/weibh/taskmanager/pkg/channel/feishu/sender.go:35.47,49.2 3 0
github.com/weibh/taskmanager/pkg/channel/feishu/sender.go:52.56,53.21 1 0
github.com/weibh/taskmanager/pkg/channel/feishu/sender.go:53.21,55.3 1 0
github.com/weibh/taskmanager/pkg/channel/feishu/sender.go:57.2,65.25 5 0
github.com/weibh/taskmanager/pkg/channel/feishu/sender.go:65.25,66.82 1 0
github.com/weibh/taskmanager/pkg/channel/feishu/sender.go:66.82,69.80 2 0
github.com/weibh/taskmanager/pkg/channel/feishu/sender.go:69.80,71.5 1 0
github.com/weibh/taskmanager/pkg/channel/feishu/sender.go:76.2,78.25 3 0
github.com/weibh/taskmanager/pkg/channel/feishu/sender.go:78.25,79.77 1 0
github.com/weibh/taskmanager/pkg/channel/feishu/sender.go:79.77,83.4 2 0
github.com/weibh/taskmanager/pkg/channel/feishu/sender.go:87.2,87.46 1 0
github.com/weibh/taskmanager/pkg/channel/feishu/sender.go:87.46,90.3 2 0
github.com/weibh/taskmanager/pkg/channel/feishu/sender.go:93.2,93.23 1 0
github.com/weibh/taskmanager/pkg/channel/feishu/sender.go:93.23,95.3 1 0
github.com/weibh/taskmanager/pkg/channel/feishu/sender.go:97.2,106.16 3 0
github.com/weibh/taskmanager/pkg/channel/feishu/sender.go:106.16,108.3 1 0
github.com/weibh/taskmanager/pkg/channel/feishu/sender.go:110.2,110.21 1 0
github.com/weibh/taskmanager/pkg/channel/feishu/sender.go:110.21,112.3 1 0
github.com/weibh/taskmanager/pkg/channel/feishu/sender.go:114.2,114.52 1 0
github.com/weibh/taskmanager/pkg/channel/feishu/sender.go:114.52,121.3 1 0
github.com/weibh/taskmanager/pkg/channel/feishu/sender.go:123.2,123.12 1 0
github.com/weibh/taskmanager/pkg/channel/feishu/sender.go:127.90,128.21 1 0
github.com/weibh/taskmanager/pkg/channel/feishu/sender.go:128.21,130.3 1 0
github.com/weibh/taskmanager/pkg/channel/feishu/sender.go:132.2,139.25 5 0
github.com/weibh/taskmanager/pkg/channel/feishu/sender.go:139.25,142.3 2 0
github.com/weibh/taskmanager/pkg/channel/feishu/sender.go:142.8,144.3 1 0
github.com/weibh/taskmanager/pkg/channel/feishu/sender.go:146.2,155.16 3 0
github.com/weibh/taskmanager/pkg/channel/feishu/sender.go:155.16,157.3 1 0
github.com/weibh/taskmanager/pkg/channel/feishu/sender.go:159.2,159.21 1 0
github.com/weibh/taskmanager/pkg/channel/feishu/sender.go:159.21,161.3 1 0
github.com/weibh/taskmanager/pkg/channel/feishu/sender.go:163.2,163.12 1 0
github.com/weibh/taskmanager/pkg/channel/feishu/sender.go:167.55,173.2 1 0
github.com/weibh/taskmanager/pkg/channel/feishu/sender.go:176.40,179.2 2 0
github.com/weibh/taskmanager/pkg/channel/feishu/sender.go:182.34,184.2 1 0
github.com/weibh/taskmanager/pkg/channel/feishu/sender.go:187.38,189.2 1 0
github.com/weibh/taskmanager/pkg/channel/feishu/types.go:74.39,79.2 1 1
github.com/weibh/taskmanager/pkg/channel/feishu/types.go:82.40,86.38 3 1
github.com/weibh/taskmanager/pkg/channel/feishu/types.go:86.38,88.3 1 1
github.com/weibh/taskmanager/pkg/channel/feishu/types.go:90.2,93.29 2 1
github.com/weibh/taskmanager/pkg/channel/feishu/types.go:93.29,95.25 2 1
github.com/weibh/taskmanager/pkg/channel/feishu/types.go:95.25,96.21 1 1
github.com/weibh/taskmanager/pkg/channel/feishu/types.go:96.21,97.10 1 1
github.com/weibh/taskmanager/pkg/channel/feishu/types.go:99.4,100.14 2 0
github.com/weibh/taskmanager/pkg/channel/feishu/types.go:104.2,104.13 1 1
github.com/weibh/taskmanager/infrastructure/bus/event_bus.go:24.30,28.2 1 1
github.com/weibh/taskmanager/infrastructure/bus/event_bus.go:31.71,35.2 3 1
github.com/weibh/taskmanager/infrastructure/bus/event_bus.go:38.73,42.29 4 1
github.com/weibh/taskmanager/infrastructure/bus/event_bus.go:42.29,43.57 1 1
github.com/weibh/taskmanager/infrastructure/bus/event_bus.go:43.57,46.4 2 1
github.com/weibh/taskmanager/infrastructure/bus/event_bus.go:51.55,57.35 5 1
github.com/weibh/taskmanager/infrastructure/bus/event_bus.go:57.35,59.3 1 1
github.com/weibh/taskmanager/infrastructure/bus/event_bus.go:63.82,65.16 2 1
github.com/weibh/taskmanager/infrastructure/bus/event_bus.go:65.16,67.3 1 1
github.com/weibh/taskmanager/infrastructure/hook/executor.go:32.67,38.2 1 1
github.com/weibh/taskmanager/infrastructure/hook/executor.go:41.61,43.2 1 1
github.com/weibh/taskmanager/infrastructure/hook/executor.go:46.127,51.29 4 1
github.com/weibh/taskmanager/infrastructure/hook/executor.go:51.29,53.10 2 1
github.com/weibh/taskmanager/infrastructure/hook/executor.go:53.10,54.12 1 0
github.com/weibh/taskmanager/infrastructure/hook/executor.go:57.3,62.17 3 1
github.com/weibh/taskmanager/infrastructure/hook/executor.go:62.17,69.51 3 1
github.com/weibh/taskmanager/infrastructure/hook/executor.go:69.51,71.5 1 1
github.com/weibh/taskmanager/infrastructure/hook/executor.go:72.4,72.12 1 1
github.com/weibh/taskmanager/infrastructure/hook/executor.go:75.3,75.20 1 1
github.com/weibh/taskmanager/infrastructure/hook/executor.go:75.20,77.4 1 1
github.com/weibh/taskmanager/infrastructure/hook/executor.go:78.3,78.27 1 1
github.com/weibh/taskmanager/infrastructure/hook/executor.go:81.2,81.25 1 1
github.com/weibh/taskmanager/infrastructure/hook/executor.go:85.151,90.29 4 1
github.com/weibh/taskmanager/infrastructure/hook/executor.go:90.29,92.10 2 1
github.com/weibh/taskmanager/infrastructure/hook/executor.go:92.10,93.12 1 0
github.com/weibh/taskmanager/infrastructure/hook/executor.go:96.3,101.17 3 1
github.com/weibh/taskmanager/infrastructure/hook/executor.go:101.17,108.51 3 0
github.com/weibh/taskmanager/infrastructure/hook/executor.go:108.51,110.5 1 0
github.com/weibh/taskmanager/infrastructure/hook/executor.go:111.4,111.12 1 0
github.com/weibh/taskmanager/infrastructure/hook/executor.go:114.3,114.20 1 1
github.com/weibh/taskmanager/infrastructure/hook/executor.go:114.20,116.4 1 1
github.com/weibh/taskmanager/infrastructure/hook/executor.go:117.3,117.27 1 1
github.com/weibh/taskmanager/infrastructure/hook/executor.go:120.2,120.26 1 1
github.com/weibh/taskmanager/infrastructure/hook/executor.go:124.130,129.29 4 0
github.com/weibh/taskmanager/infrastructure/hook/executor.go:129.29,131.10 2 0
github.com/weibh/taskmanager/infrastructure/hook/executor.go:131.10,132.12 1 0
github.com/weibh/taskmanager/infrastructure/hook/executor.go:135.3,140.17 3 0
github.com/weibh/taskmanager/infrastructure/hook/executor.go:140.17,147.51 3 0
github.com/weibh/taskmanager/infrastructure/hook/executor.go:147.51,149.5 1 0
github.com/weibh/taskmanager/infrastructure/hook/executor.go:150.4,150.12 1 0
github.com/weibh/taskmanager/infrastructure/hook/executor.go:153.3,153.20 1 0
github.com/weibh/taskmanager/infrastructure/hook/executor.go:153.20,155.4 1 0
github.com/weibh/taskmanager/infrastructure/hook/executor.go:156.3,156.27 1 0
github.com/weibh/taskmanager/infrastructure/hook/executor.go:159.2,159.25 1 0
github.com/weibh/taskmanager/infrastructure/hook/executor.go:163.171,168.29 4 0
github.com/weibh/taskmanager/infrastructure/hook/executor.go:168.29,170.10 2 0
github.com/weibh/taskmanager/infrastructure/hook/executor.go:170.10,171.12 1 0
github.com/weibh/taskmanager/infrastructure/hook/executor.go:174.3,179.17 3 0
github.com/weibh/taskmanager/infrastructure/hook/executor.go:179.17,186.51 3 0
github.com/weibh/taskmanager/infrastructure/hook/executor.go:186.51,188.5 1 0
github.com/weibh/taskmanager/infrastructure/hook/executor.go:189.4,189.12 1 0
github.com/weibh/taskmanager/infrastructure/hook/executor.go:192.3,192.17 1 0
github.com/weibh/taskmanager/infrastructure/hook/executor.go:192.17,194.4 1 0
github.com/weibh/taskmanager/infrastructure/hook/executor.go:195.3,195.27 1 0
github.com/weibh/taskmanager/infrastructure/hook/executor.go:198.2,198.28 1 0
github.com/weibh/taskmanager/infrastructure/hook/executor.go:202.145,207.29 4 0
github.com/weibh/taskmanager/infrastructure/hook/executor.go:207.29,209.10 2 0
github.com/weibh/taskmanager/infrastructure/hook/executor.go:209.10,210.12 1 0
github.com/weibh/taskmanager/infrastructure/hook/executor.go:213.3,218.17 3 0
github.com/weibh/taskmanager/infrastructure/hook/executor.go:218.17,225.51 3 0
github.com/weibh/taskmanager/infrastructure/hook/executor.go:225.51,227.5 1 0
github.com/weibh/taskmanager/infrastructure/hook/executor.go:228.4,228.12 1 0
github.com/weibh/taskmanager/infrastructure/hook/executor.go:231.3,231.17 1 0
github.com/weibh/taskmanager/infrastructure/hook/executor.go:231.17,233.4 1 0
github.com/weibh/taskmanager/infrastructure/hook/executor.go:234.3,234.27 1 0
github.com/weibh/taskmanager/infrastructure/hook/executor.go:237.2,237.28 1 0
github.com/weibh/taskmanager/infrastructure/hook/executor.go:241.131,245.29 3 0
github.com/weibh/taskmanager/infrastructure/hook/executor.go:245.29,247.10 2 0
github.com/weibh/taskmanager/infrastructure/hook/executor.go:247.10,248.12 1 0
github.com/weibh/taskmanager/infrastructure/hook/executor.go:251.3,256.27 3 0
github.com/weibh/taskmanager/infrastructure/hook/executor.go:261.76,265.29 3 0
github.com/weibh/taskmanager/infrastructure/hook/executor.go:265.29,267.10 2 0
github.com/weibh/taskmanager/infrastructure/hook/executor.go:267.10,268.12 1 0
github.com/weibh/taskmanager/infrastructure/hook/executor.go:271.3,276.27 3 0
github.com/weibh/taskmanager/infrastructure/hook/executor.go:280.76,283.29 3 0
github.com/weibh/taskmanager/infrastructure/hook/executor.go:283.29,284.21 1 0
github.com/weibh/taskmanager/infrastructure/hook/executor.go:284.21,286.4 1 0
github.com/weibh/taskmanager/infrastructure/hook/executor.go:288.2,288.16 1 0
github.com/weibh/taskmanager/infrastructure/hook/executor.go:292.55,295.29 3 1
github.com/weibh/taskmanager/infrastructure/hook/executor.go:295.29,296.21 1 1
github.com/weibh/taskmanager/infrastructure/hook/executor.go:296.21,298.4 1 1
github.com/weibh/taskmanager/infrastructure/hook/executor.go:300.2,300.16 1 1
github.com/weibh/taskmanager/infrastructure/hook/executor.go:303.70,306.41 3 1
github.com/weibh/taskmanager/infrastructure/hook/executor.go:306.41,308.3 1 1
github.com/weibh/taskmanager/infrastructure/hook/executor.go:309.2,309.15 1 1
github.com/weibh/taskmanager/infrastructure/hook/manager.go:29.69,30.19 1 0
github.com/weibh/taskmanager/infrastructure/hook/manager.go:30.19,35.3 1 0
github.com/weibh/taskmanager/infrastructure/hook/manager.go:37.2,46.3 4 0
github.com/weibh/taskmanager/infrastructure/hook/manager.go:50.49,54.2 3 0
github.com/weibh/taskmanager/infrastructure/hook/manager.go:57.49,61.2 3 0
github.com/weibh/taskmanager/infrastructure/hook/manager.go:64.40,68.2 3 0
github.com/weibh/taskmanager/infrastructure/hook/manager.go:71.48,75.2 3 0
github.com/weibh/taskmanager/infrastructure/hook/manager.go:78.45,82.2 3 0
github.com/weibh/taskmanager/infrastructure/hook/manager.go:85.46,89.2 3 0
github.com/weibh/taskmanager/infrastructure/hook/manager.go:92.119,94.2 1 0
github.com/weibh/taskmanager/infrastructure/hook/manager.go:97.143,99.2 1 0
github.com/weibh/taskmanager/infrastructure/hook/manager.go:102.122,104.2 1 0
github.com/weibh/taskmanager/infrastructure/hook/manager.go:107.163,109.2 1 0
github.com/weibh/taskmanager/infrastructure/hook/manager.go:112.137,114.2 1 0
github.com/weibh/taskmanager/infrastructure/hook/manager.go:117.123,119.2 1 0
github.com/weibh/taskmanager/infrastructure/hook/manager.go:122.68,124.2 1 0
github.com/weibh/taskmanager/infrastructure/hook/registry.go:33.29,37.2 1 1
github.com/weibh/taskmanager/infrastructure/hook/registry.go:39.59,43.17 3 1
github.com/weibh/taskmanager/infrastructure/hook/registry.go:43.17,45.3 1 1
github.com/weibh/taskmanager/infrastructure/hook/registry.go:47.2,47.47 1 1
github.com/weibh/taskmanager/infrastructure/hook/registry.go:47.47,49.3 1 1
github.com/weibh/taskmanager/infrastructure/hook/registry.go:51.2,52.12 2 1
github.com/weibh/taskmanager/infrastructure/hook/registry.go:55.56,59.41 3 1
github.com/weibh/taskmanager/infrastructure/hook/registry.go:59.41,61.3 1 1
github.com/weibh/taskmanager/infrastructure/hook/registry.go:63.2,64.12 2 1
github.com/weibh/taskmanager/infrastructure/hook/registry.go:67.55,71.2 3 1
github.com/weibh/taskmanager/infrastructure/hook/registry.go:73.47,78.31 4 1
github.com/weibh/taskmanager/infrastructure/hook/registry.go:78.31,80.3 1 1
github.com/weibh/taskmanager/infrastructure/hook/registry.go:81.2,81.14 1 1
github.com/weibh/taskmanager/infrastructure/hook/registry.go:84.77,89.31 4 1
github.com/weibh/taskmanager/infrastructure/hook/registry.go:89.31,90.34 1 1
github.com/weibh/taskmanager/infrastructure/hook/registry.go:90.34,92.4 1 1
github.com/weibh/taskmanager/infrastructure/hook/registry.go:94.2,94.14 1 1
github.com/weibh/taskmanager/infrastructure/hook/registry.go:97.52,102.13 4 1
github.com/weibh/taskmanager/infrastructure/hook/registry.go:102.13,104.3 1 1
github.com/weibh/taskmanager/infrastructure/hook/registry.go:105.2,106.12 2 1
github.com/weibh/taskmanager/infrastructure/hook/registry.go:109.53,114.13 4 1
github.com/weibh/taskmanager/infrastructure/hook/registry.go:114.13,116.3 1 0
github.com/weibh/taskmanager/infrastructure/hook/registry.go:117.2,118.12 2 1
github.com/weibh/taskmanager/infrastructure/hook/registry.go:121.34,125.2 3 1
github.com/weibh/taskmanager/infrastructure/hook/hooks/conversation_record.go:48.27,49.19 1 1
github.com/weibh/taskmanager/infrastructure/hook/hooks/conversation_record.go:49.19,51.3 1 1
github.com/weibh/taskmanager/infrastructure/hook/hooks/conversation_record.go:53.2,59.3 1 1
github.com/weibh/taskmanager/infrastructure/hook/hooks/conversation_record.go:92.134,93.20 1 1
github.com/weibh/taskmanager/infrastructure/hook/hooks/conversation_record.go:93.20,95.3 1 0
github.com/weibh/taskmanager/infrastructure/hook/hooks/conversation_record.go:98.2,100.18 3 1
github.com/weibh/taskmanager/infrastructure/hook/hooks/conversation_record.go:100.18,102.3 1 0
github.com/weibh/taskmanager/infrastructure/hook/hooks/conversation_record.go:105.2,105.29 1 1
github.com/weibh/taskmanager/infrastructure/hook/hooks/conversation_record.go:105.29,107.3 1 0
github.com/weibh/taskmanager/infrastructure/hook/hooks/conversation_record.go:109.2,109.29 1 1
github.com/weibh/taskmanager/infrastructure/hook/hooks/conversation_record.go:109.29,111.3 1 1
github.com/weibh/taskmanager/infrastructure/hook/hooks/conversation_record.go:114.2,115.28 2 1
github.com/weibh/taskmanager/infrastructure/hook/hooks/conversation_record.go:115.28,117.3 1 1
github.com/weibh/taskmanager/infrastructure/hook/hooks/conversation_record.go:118.2,118.26 1 1
github.com/weibh/taskmanager/infrastructure/hook/hooks/conversation_record.go:118.26,120.3 1 1
github.com/weibh/taskmanager/infrastructure/hook/hooks/conversation_record.go:121.2,121.27 1 1
github.com/weibh/taskmanager/infrastructure/hook/hooks/conversation_record.go:121.27,123.3 1 1
github.com/weibh/taskmanager/infrastructure/hook/hooks/conversation_record.go:124.2,124.29 1 1
github.com/weibh/taskmanager/infrastructure/hook/hooks/conversation_record.go:124.29,126.3 1 1
github.com/weibh/taskmanager/infrastructure/hook/hooks/conversation_record.go:127.2,127.29 1 1
github.com/weibh/taskmanager/infrastructure/hook/hooks/conversation_record.go:127.29,129.3 1 1
github.com/weibh/taskmanager/infrastructure/hook/hooks/conversation_record.go:132.2,139.21 6 1
github.com/weibh/taskmanager/infrastructure/hook/hooks/conversation_record.go:139.21,141.3 1 0
github.com/weibh/taskmanager/infrastructure/hook/hooks/conversation_record.go:142.2,143.16 2 1
github.com/weibh/taskmanager/infrastructure/hook/hooks/conversation_record.go:143.16,146.3 2 0
github.com/weibh/taskmanager/infrastructure/hook/hooks/conversation_record.go:148.2,149.57 2 1
github.com/weibh/taskmanager/infrastructure/hook/hooks/conversation_record.go:149.57,151.3 1 0
github.com/weibh/taskmanager/infrastructure/hook/hooks/conversation_record.go:153.2,159.21 2 1
github.com/weibh/taskmanager/infrastructure/hook/hooks/conversation_record.go:163.158,164.17 1 1
github.com/weibh/taskmanager/infrastructure/hook/hooks/conversation_record.go:164.17,166.3 1 0
github.com/weibh/taskmanager/infrastructure/hook/hooks/conversation_record.go:169.2,170.24 2 1
github.com/weibh/taskmanager/infrastructure/hook/hooks/conversation_record.go:170.24,172.3 1 0
github.com/weibh/taskmanager/infrastructure/hook/hooks/conversation_record.go:175.2,184.19 5 1
github.com/weibh/taskmanager/infrastructure/hook/hooks/conversation_record.go:184.19,186.3 1 0
github.com/weibh/taskmanager/infrastructure/hook/hooks/conversation_record.go:187.2,187.19 1 1
github.com/weibh/taskmanager/infrastructure/hook/hooks/conversation_record.go:187.19,189.3 1 0
github.com/weibh/taskmanager/infrastructure/hook/hooks/conversation_record.go:192.2,197.29 6 1
github.com/weibh/taskmanager/infrastructure/hook/hooks/conversation_record.go:197.29,198.52 1 1
github.com/weibh/taskmanager/infrastructure/hook/hooks/conversation_record.go:198.52,200.4 1 1
github.com/weibh/taskmanager/infrastructure/hook/hooks/conversation_record.go:201.3,204.49 4 1
github.com/weibh/taskmanager/infrastructure/hook/hooks/conversation_record.go:208.2,208.40 1 1
github.com/weibh/taskmanager/infrastructure/hook/hooks/conversation_record.go:208.40,212.17 3 1
github.com/weibh/taskmanager/infrastructure/hook/hooks/conversation_record.go:212.17,214.4 1 0
github.com/weibh/taskmanager/infrastructure/hook/hooks/conversation_record.go:214.9,217.77 3 1
github.com/weibh/taskmanager/infrastructure/hook/hooks/conversation_record.go:217.77,219.5 1 0
github.com/weibh/taskmanager/infrastructure/hook/hooks/conversation_record.go:220.4,223.48 1 1
github.com/weibh/taskmanager/infrastructure/hook/hooks/conversation_record.go:227.3,245.19 3 1
github.com/weibh/taskmanager/infrastructure/hook/hooks/conversation_record.go:249.2,253.16 4 1
github.com/weibh/taskmanager/infrastructure/hook/hooks/conversation_record.go:253.16,256.3 2 0
github.com/weibh/taskmanager/infrastructure/hook/hooks/conversation_record.go:259.2,264.57 3 1
github.com/weibh/taskmanager/infrastructure/hook/hooks/conversation_record.go:264.57,266.3 1 0
github.com/weibh/taskmanager/infrastructure/hook/hooks/conversation_record.go:268.2,274.18 2 1
github.com/weibh/taskmanager/infrastructure/hook/hooks/conversation_record.go:278.137,279.20 1 1
github.com/weibh/taskmanager/infrastructure/hook/hooks/conversation_record.go:279.20,281.3 1 0
github.com/weibh/taskmanager/infrastructure/hook/hooks/conversation_record.go:283.2,284.19 2 1
github.com/weibh/taskmanager/infrastructure/hook/hooks/conversation_record.go:284.19,286.3 1 0
github.com/weibh/taskmanager/infrastructure/hook/hooks/conversation_record.go:289.2,293.44 3 1
github.com/weibh/taskmanager/infrastructure/hook/hooks/conversation_record.go:293.44,295.3 1 1
github.com/weibh/taskmanager/infrastructure/hook/hooks/conversation_record.go:296.2,296.24 1 1
github.com/weibh/taskmanager/infrastructure/hook/hooks/conversation_record.go:296.24,298.3 1 1
github.com/weibh/taskmanager/infrastructure/hook/hooks/conversation_record.go:301.2,304.16 3 1
github.com/weibh/taskmanager/infrastructure/hook/hooks/conversation_record.go:304.16,307.3 2 0
github.com/weibh/taskmanager/infrastructure/hook/hooks/conversation_record.go:310.2,310.52 1 1
github.com/weibh/taskmanager/infrastructure/hook/hooks/conversation_record.go:310.52,312.3 1 1
github.com/weibh/taskmanager/infrastructure/hook/hooks/conversation_record.go:314.2,314.57 1 1
github.com/weibh/taskmanager/infrastructure/hook/hooks/conversation_record.go:314.57,316.3 1 0
github.com/weibh/taskmanager/infrastructure/hook/hooks/conversation_record.go:319.2,326.21 3 1
github.com/weibh/taskmanager/infrastructure/hook/hooks/conversation_record.go:330.178,331.37 1 1
github.com/weibh/taskmanager/infrastructure/hook/hooks/conversation_record.go:331.37,333.3 1 0
github.com/weibh/taskmanager/infrastructure/hook/hooks/conversation_record.go:335.2,336.19 2 1
github.com/weibh/taskmanager/infrastructure/hook/hooks/conversation_record.go:336.19,338.3 1 0
github.com/weibh/taskmanager/infrastructure/hook/hooks/conversation_record.go:341.2,342.26 2 1
github.com/weibh/taskmanager/infrastructure/hook/hooks/conversation_record.go:342.26,344.3 1 0
github.com/weibh/taskmanager/infrastructure/hook/hooks/conversation_record.go:346.2,350.20 4 1
github.com/weibh/taskmanager/infrastructure/hook/hooks/conversation_record.go:350.20,351.47 1 1
github.com/weibh/taskmanager/infrastructure/hook/hooks/conversation_record.go:351.47,353.4 1 1
github.com/weibh/taskmanager/infrastructure/hook/hooks/conversation_record.go:353.9,355.4 1 0
github.com/weibh/taskmanager/infrastructure/hook/hooks/conversation_record.go:356.3,356.28 1 1
github.com/weibh/taskmanager/infrastructure/hook/hooks/conversation_record.go:357.8,358.26 1 0
github.com/weibh/taskmanager/infrastructure/hook/hooks/conversation_record.go:358.26,360.4 1 0
github.com/weibh/taskmanager/infrastructure/hook/hooks/conversation_record.go:360.9,362.4 1 0
github.com/weibh/taskmanager/infrastructure/hook/hooks/conversation_record.go:363.3,363.27 1 0
github.com/weibh/taskmanager/infrastructure/hook/hooks/conversation_record.go:367.2,368.16 2 1
github.com/weibh/taskmanager/infrastructure/hook/hooks/conversation_record.go:368.16,371.3 2 0
github.com/weibh/taskmanager/infrastructure/hook/hooks/conversation_record.go:374.2,374.52 1 1
github.com/weibh/taskmanager/infrastructure/hook/hooks/conversation_record.go:374.52,376.3 1 1
github.com/weibh/taskmanager/infrastructure/hook/hooks/conversation_record.go:378.2,378.57 1 1
github.com/weibh/taskmanager/infrastructure/hook/hooks/conversation_record.go:378.57,380.3 1 0
github.com/weibh/taskmanager/infrastructure/hook/hooks/conversation_record.go:382.2,392.20 3 1
github.com/weibh/taskmanager/infrastructure/hook/hooks/conversation_record.go:396.152,397.34 1 1
github.com/weibh/taskmanager/infrastructure/hook/hooks/conversation_record.go:397.34,399.3 1 0
github.com/weibh/taskmanager/infrastructure/hook/hooks/conversation_record.go:401.2,402.19 2 1
github.com/weibh/taskmanager/infrastructure/hook/hooks/conversation_record.go:402.19,404.3 1 0
github.com/weibh/taskmanager/infrastructure/hook/hooks/conversation_record.go:407.2,408.26 2 1
github.com/weibh/taskmanager/infrastructure/hook/hooks/conversation_record.go:408.26,410.3 1 0
github.com/weibh/taskmanager/infrastructure/hook/hooks/conversation_record.go:412.2,415.16 3 1
github.com/weibh/taskmanager/infrastructure/hook/hooks/conversation_record.go:415.16,418.3 2 0
github.com/weibh/taskmanager/infrastructure/hook/hooks/conversation_record.go:421.2,421.52 1 1
github.com/weibh/taskmanager/infrastructure/hook/hooks/conversation_record.go:421.52,423.3 1 1
github.com/weibh/taskmanager/infrastructure/hook/hooks/conversation_record.go:425.2,425.57 1 1
github.com/weibh/taskmanager/infrastructure/hook/hooks/conversation_record.go:425.57,427.3 1 0
github.com/weibh/taskmanager/infrastructure/hook/hooks/conversation_record.go:429.2,439.69 3 1
github.com/weibh/taskmanager/infrastructure/hook/hooks/conversation_record.go:444.138,451.2 1 0
github.com/weibh/taskmanager/infrastructure/hook/hooks/conversation_record.go:455.83,458.32 2 1
github.com/weibh/taskmanager/infrastructure/hook/hooks/conversation_record.go:458.32,460.3 1 0
github.com/weibh/taskmanager/infrastructure/hook/hooks/conversation_record.go:464.2,465.24 2 1
github.com/weibh/taskmanager/infrastructure/hook/hooks/conversation_record.go:465.24,468.3 2 0
github.com/weibh/taskmanager/infrastructure/hook/hooks/conversation_record.go:471.2,472.16 2 1
github.com/weibh/taskmanager/infrastructure/hook/hooks/conversation_record.go:472.16,475.3 2 0
github.com/weibh/taskmanager/infrastructure/hook/hooks/conversation_record.go:477.2,480.57 3 1
github.com/weibh/taskmanager/infrastructure/hook/hooks/conversation_record.go:480.57,482.3 1 0
github.com/weibh/taskmanager/infrastructure/hook/hooks/conversation_record.go:484.2,490.41 2 1
github.com/weibh/taskmanager/infrastructure/hook/hooks/conversation_record.go:494.147,498.16 3 1
github.com/weibh/taskmanager/infrastructure/hook/hooks/conversation_record.go:498.16,500.3 1 0
github.com/weibh/taskmanager/infrastructure/hook/hooks/conversation_record.go:502.2,506.20 4 1
github.com/weibh/taskmanager/infrastructure/hook/hooks/conversation_record.go:510.114,514.47 2 1
github.com/weibh/taskmanager/infrastructure/hook/hooks/conversation_record.go:514.47,520.3 5 1
github.com/weibh/taskmanager/infrastructure/hook/hooks/conversation_record.go:523.2,523.81 1 1
github.com/weibh/taskmanager/infrastructure/hook/hooks/conversation_record.go:523.81,525.3 1 0
github.com/weibh/taskmanager/infrastructure/hook/hooks/conversation_record.go:525.8,525.53 1 1
github.com/weibh/taskmanager/infrastructure/hook/hooks/conversation_record.go:525.53,527.3 1 0
github.com/weibh/taskmanager/infrastructure/hook/hooks/conversation_record.go:529.2,529.77 1 1
github.com/weibh/taskmanager/infrastructure/hook/hooks/conversation_record.go:529.77,531.3 1 1
github.com/weibh/taskmanager/infrastructure/hook/hooks/conversation_record.go:533.2,533.79 1 1
github.com/weibh/taskmanager/infrastructure/hook/hooks/conversation_record.go:533.79,535.3 1 1
github.com/weibh/taskmanager/infrastructure/hook/hooks/conversation_record.go:537.2,537.83 1 1
github.com/weibh/taskmanager/infrastructure/hook/hooks/conversation_record.go:537.83,539.3 1 1
github.com/weibh/taskmanager/infrastructure/hook/hooks/conversation_record.go:541.2,541.83 1 1
github.com/weibh/taskmanager/infrastructure/hook/hooks/conversation_record.go:541.83,543.3 1 1
github.com/weibh/taskmanager/infrastructure/hook/hooks/conversation_record.go:545.2,545.14 1 1
github.com/weibh/taskmanager/infrastructure/hook/hooks/conversation_record.go:549.81,550.16 1 0
github.com/weibh/taskmanager/infrastructure/hook/hooks/conversation_record.go:550.16,552.3 1 0
github.com/weibh/taskmanager/infrastructure/hook/hooks/conversation_record.go:553.2,553.36 1 0
github.com/weibh/taskmanager/infrastructure/hook/hooks/conversation_record.go:557.49,558.23 1 1
github.com/weibh/taskmanager/infrastructure/hook/hooks/conversation_record.go:558.23,560.3 1 1
github.com/weibh/taskmanager/infrastructure/hook/hooks/conversation_record.go:561.2,561.54 1 1
github.com/weibh/taskmanager/infrastructure/hook/hooks/feishu_thinking_process.go:44.30,45.19 1 1
github.com/weibh/taskmanager/infrastructure/hook/hooks/feishu_thinking_process.go:45.19,47.3 1 0
github.com/weibh/taskmanager/infrastructure/hook/hooks/feishu_thinking_process.go:49.2,54.3 1 1
github.com/weibh/taskmanager/infrastructure/hook/hooks/feishu_thinking_process.go:58.137,64.2 2 1
github.com/weibh/taskmanager/infrastructure/hook/hooks/feishu_thinking_process.go:67.161,69.47 1 1
github.com/weibh/taskmanager/infrastructure/hook/hooks/feishu_thinking_process.go:69.47,71.3 1 0
github.com/weibh/taskmanager/infrastructure/hook/hooks/feishu_thinking_process.go:74.2,74.28 1 1
github.com/weibh/taskmanager/infrastructure/hook/hooks/feishu_thinking_process.go:74.28,76.25 2 1
github.com/weibh/taskmanager/infrastructure/hook/hooks/feishu_thinking_process.go:76.25,82.4 3 1
github.com/weibh/taskmanager/infrastructure/hook/hooks/feishu_thinking_process.go:85.2,85.18 1 1
github.com/weibh/taskmanager/infrastructure/hook/hooks/feishu_thinking_process.go:89.140,91.43 1 1
github.com/weibh/taskmanager/infrastructure/hook/hooks/feishu_thinking_process.go:91.43,93.3 1 0
github.com/weibh/taskmanager/infrastructure/hook/hooks/feishu_thinking_process.go:96.2,98.21 3 1
github.com/weibh/taskmanager/infrastructure/hook/hooks/feishu_thinking_process.go:98.21,100.3 1 0
github.com/weibh/taskmanager/infrastructure/hook/hooks/feishu_thinking_process.go:103.2,110.21 4 1
github.com/weibh/taskmanager/infrastructure/hook/hooks/feishu_thinking_process.go:114.181,116.43 1 1
github.com/weibh/taskmanager/infrastructure/hook/hooks/feishu_thinking_process.go:116.43,118.3 1 0
github.com/weibh/taskmanager/infrastructure/hook/hooks/feishu_thinking_process.go:120.2,121.20 2 1
github.com/weibh/taskmanager/infrastructure/hook/hooks/feishu_thinking_process.go:121.20,122.44 1 1
github.com/weibh/taskmanager/infrastructure/hook/hooks/feishu_thinking_process.go:122.44,124.4 1 1
github.com/weibh/taskmanager/infrastructure/hook/hooks/feishu_thinking_process.go:124.9,126.4 1 0
github.com/weibh/taskmanager/infrastructure/hook/hooks/feishu_thinking_process.go:127.8,128.26 1 1
github.com/weibh/taskmanager/infrastructure/hook/hooks/feishu_thinking_process.go:128.26,130.4 1 1
github.com/weibh/taskmanager/infrastructure/hook/hooks/feishu_thinking_process.go:130.9,132.4 1 0
github.com/weibh/taskmanager/infrastructure/hook/hooks/feishu_thinking_process.go:136.2,136.23 1 1
github.com/weibh/taskmanager/infrastructure/hook/hooks/feishu_thinking_process.go:136.23,138.3 1 0
github.com/weibh/taskmanager/infrastructure/hook/hooks/feishu_thinking_process.go:139.2,140.18 2 1
github.com/weibh/taskmanager/infrastructure/hook/hooks/feishu_thinking_process.go:140.18,142.3 1 0
github.com/weibh/taskmanager/infrastructure/hook/hooks/feishu_thinking_process.go:144.2,145.21 2 1
github.com/weibh/taskmanager/infrastructure/hook/hooks/feishu_thinking_process.go:145.21,147.3 1 1
github.com/weibh/taskmanager/infrastructure/hook/hooks/feishu_thinking_process.go:148.2,155.20 4 1
github.com/weibh/taskmanager/infrastructure/hook/hooks/feishu_thinking_process.go:159.155,161.43 1 1
github.com/weibh/taskmanager/infrastructure/hook/hooks/feishu_thinking_process.go:161.43,163.3 1 0
github.com/weibh/taskmanager/infrastructure/hook/hooks/feishu_thinking_process.go:165.2,172.69 4 1
github.com/weibh/taskmanager/infrastructure/hook/hooks/feishu_thinking_process.go:176.113,177.47 1 1
github.com/weibh/taskmanager/infrastructure/hook/hooks/feishu_thinking_process.go:177.47,179.3 1 0
github.com/weibh/taskmanager/infrastructure/hook/hooks/feishu_thinking_process.go:181.2,182.22 2 1
github.com/weibh/taskmanager/infrastructure/hook/hooks/feishu_thinking_process.go:182.22,184.3 1 0
github.com/weibh/taskmanager/infrastructure/hook/hooks/feishu_thinking_process.go:185.2,185.22 1 1
github.com/weibh/taskmanager/infrastructure/hook/hooks/feishu_thinking_process.go:185.22,187.3 1 0
github.com/weibh/taskmanager/infrastructure/hook/hooks/feishu_thinking_process.go:190.2,201.67 2 1
github.com/weibh/taskmanager/infrastructure/hook/hooks/feishu_thinking_process.go:201.67,203.3 1 1
github.com/weibh/taskmanager/infrastructure/hook/hooks/feishu_thinking_process.go:205.2,207.15 3 1
github.com/weibh/taskmanager/infrastructure/hook/hooks/feishu_thinking_process.go:211.124,213.47 1 1
github.com/weibh/taskmanager/infrastructure/hook/hooks/feishu_thinking_process.go:213.47,215.18 2 1
github.com/weibh/taskmanager/infrastructure/hook/hooks/feishu_thinking_process.go:215.18,217.4 1 1
github.com/weibh/taskmanager/infrastructure/hook/hooks/feishu_thinking_process.go:219.3,219.19 1 1
github.com/weibh/taskmanager/infrastructure/hook/hooks/feishu_thinking_process.go:219.19,221.4 1 1
github.com/weibh/taskmanager/infrastructure/hook/hooks/feishu_thinking_process.go:225.2,226.20 2 1
github.com/weibh/taskmanager/infrastructure/hook/hooks/feishu_thinking_process.go:226.20,228.3 1 0
github.com/weibh/taskmanager/infrastructure/hook/hooks/feishu_thinking_process.go:229.2,229.36 1 1
github.com/weibh/taskmanager/infrastructure/hook/hooks/feishu_thinking_process.go:229.36,231.3 1 1
github.com/weibh/taskmanager/infrastructure/hook/hooks/feishu_thinking_process.go:233.2,233.22 1 1
github.com/weibh/taskmanager/infrastructure/hook/hooks/feishu_thinking_process.go:233.22,237.43 4 1
github.com/weibh/taskmanager/infrastructure/hook/hooks/feishu_thinking_process.go:237.43,239.4 1 1
github.com/weibh/taskmanager/infrastructure/hook/hooks/feishu_thinking_process.go:242.2,242.14 1 0
github.com/weibh/taskmanager/infrastructure/hook/hooks/feishu_thinking_process.go:246.90,247.16 1 1
github.com/weibh/taskmanager/infrastructure/hook/hooks/feishu_thinking_process.go:247.16,249.3 1 1
github.com/weibh/taskmanager/infrastructure/hook/hooks/feishu_thinking_process.go:251.2,252.22 2 1
github.com/weibh/taskmanager/infrastructure/hook/hooks/feishu_thinking_process.go:252.22,254.3 1 1
github.com/weibh/taskmanager/infrastructure/hook/hooks/feishu_thinking_process.go:256.2,260.13 4 1
github.com/weibh/taskmanager/infrastructure/hook/hooks/feishu_thinking_process.go:260.13,262.3 1 1
github.com/weibh/taskmanager/infrastructure/hook/hooks/feishu_thinking_process.go:265.2,265.49 1 1
github.com/weibh/taskmanager/infrastructure/hook/hooks/feishu_thinking_process.go:265.49,267.3 1 1
github.com/weibh/taskmanager/infrastructure/hook/hooks/feishu_thinking_process.go:269.2,269.13 1 1
github.com/weibh/taskmanager/infrastructure/hook/hooks/feishu_thinking_process.go:273.131,274.39 1 1
github.com/weibh/taskmanager/infrastructure/hook/hooks/feishu_thinking_process.go:274.39,276.3 1 0
github.com/weibh/taskmanager/infrastructure/hook/hooks/feishu_thinking_process.go:278.2,279.17 2 1
github.com/weibh/taskmanager/infrastructure/hook/hooks/feishu_thinking_process.go:279.17,283.36 3 0
github.com/weibh/taskmanager/infrastructure/hook/hooks/feishu_thinking_process.go:283.36,286.4 2 0
github.com/weibh/taskmanager/infrastructure/hook/hooks/feishu_thinking_process.go:287.3,290.4 1 0
github.com/weibh/taskmanager/infrastructure/hook/hooks/feishu_thinking_process.go:294.2,294.56 1 1
github.com/weibh/taskmanager/infrastructure/hook/hooks/feishu_thinking_process.go:294.56,296.3 1 0
github.com/weibh/taskmanager/infrastructure/hook/hooks/feishu_thinking_process.go:298.2,299.18 2 1
github.com/weibh/taskmanager/infrastructure/hook/hooks/feishu_thinking_process.go:299.18,301.3 1 0
github.com/weibh/taskmanager/infrastructure/hook/hooks/feishu_thinking_process.go:302.2,302.18 1 1
github.com/weibh/taskmanager/infrastructure/hook/hooks/feishu_thinking_process.go:302.18,305.3 2 0
github.com/weibh/taskmanager/infrastructure/hook/hooks/feishu_thinking_process.go:308.2,331.12 4 1
github.com/weibh/taskmanager/infrastructure/hook/hooks/feishu_thinking_process.go:331.12,332.16 1 1
github.com/weibh/taskmanager/infrastructure/hook/hooks/feishu_thinking_process.go:332.16,333.32 1 1
github.com/weibh/taskmanager/infrastructure/hook/hooks/feishu_thinking_process.go:333.32,337.5 1 0
github.com/weibh/taskmanager/infrastructure/hook/hooks/feishu_thinking_process.go:339.3,339.36 1 1
github.com/weibh/taskmanager/infrastructure/hook/hooks/feishu_thinking_process.go:344.111,364.2 4 1
github.com/weibh/taskmanager/infrastructure/hook/hooks/feishu_thinking_process.go:367.34,370.2 2 1
github.com/weibh/taskmanager/infrastructure/hook/hooks/feishu_thinking_process.go:373.83,374.23 1 1
github.com/weibh/taskmanager/infrastructure/hook/hooks/feishu_thinking_process.go:374.23,376.3 1 1
github.com/weibh/taskmanager/infrastructure/hook/hooks/feishu_thinking_process.go:378.2,379.67 2 1
github.com/weibh/taskmanager/infrastructure/hook/hooks/feishu_thinking_process.go:379.67,381.3 1 1
github.com/weibh/taskmanager/infrastructure/hook/hooks/feishu_thinking_process.go:383.2,384.9 2 1
github.com/weibh/taskmanager/infrastructure/hook/hooks/feishu_thinking_process.go:384.9,386.3 1 1
github.com/weibh/taskmanager/infrastructure/hook/hooks/feishu_thinking_process.go:388.2,389.31 2 1
github.com/weibh/taskmanager/infrastructure/hook/hooks/feishu_thinking_process.go:389.31,390.51 1 1
github.com/weibh/taskmanager/infrastructure/hook/hooks/feishu_thinking_process.go:390.51,391.64 1 1
github.com/weibh/taskmanager/infrastructure/hook/hooks/feishu_thinking_process.go:391.64,392.58 1 1
github.com/weibh/taskmanager/infrastructure/hook/hooks/feishu_thinking_process.go:392.58,394.6 1 1
github.com/weibh/taskmanager/infrastructure/hook/hooks/feishu_thinking_process.go:399.2,399.14 1 1
github.com/weibh/taskmanager/infrastructure/hook/hooks/logging.go:18.54,23.2 1 1
github.com/weibh/taskmanager/infrastructure/hook/hooks/logging.go:26.123,33.2 2 1
github.com/weibh/taskmanager/infrastructure/hook/hooks/logging.go:36.147,45.2 2 1
github.com/weibh/taskmanager/infrastructure/hook/hooks/logging.go:48.126,55.2 2 0
github.com/weibh/taskmanager/infrastructure/hook/hooks/logging.go:58.167,65.2 2 0
github.com/weibh/taskmanager/infrastructure/hook/hooks/logging.go:68.141,73.2 2 0
github.com/weibh/taskmanager/infrastructure/hook/hooks/metrics.go:24.46,31.2 1 1
github.com/weibh/taskmanager/infrastructure/hook/hooks/metrics.go:34.51,38.2 3 1
github.com/weibh/taskmanager/infrastructure/hook/hooks/metrics.go:41.62,45.2 3 1
github.com/weibh/taskmanager/infrastructure/hook/hooks/metrics.go:48.72,52.2 3 0
github.com/weibh/taskmanager/infrastructure/hook/hooks/metrics.go:55.63,59.2 3 0
github.com/weibh/taskmanager/infrastructure/hook/hooks/metrics.go:62.58,66.2 3 1
github.com/weibh/taskmanager/infrastructure/hook/hooks/metrics.go:69.62,73.2 3 1
github.com/weibh/taskmanager/infrastructure/hook/hooks/metrics.go:85.54,92.2 1 1
github.com/weibh/taskmanager/infrastructure/hook/hooks/metrics.go:95.123,104.2 6 1
github.com/weibh/taskmanager/infrastructure/hook/hooks/metrics.go:107.147,109.42 2 1
github.com/weibh/taskmanager/infrastructure/hook/hooks/metrics.go:109.42,112.3 2 0
github.com/weibh/taskmanager/infrastructure/hook/hooks/metrics.go:113.2,124.18 6 1
github.com/weibh/taskmanager/infrastructure/hook/hooks/metrics.go:128.126,137.2 6 0
github.com/weibh/taskmanager/infrastructure/hook/hooks/metrics.go:140.167,142.61 2 0
github.com/weibh/taskmanager/infrastructure/hook/hooks/metrics.go:142.61,145.3 2 0
github.com/weibh/taskmanager/infrastructure/hook/hooks/metrics.go:146.2,148.20 2 0
github.com/weibh/taskmanager/infrastructure/hook/hooks/metrics.go:148.20,150.3 1 0
github.com/weibh/taskmanager/infrastructure/hook/hooks/metrics.go:150.8,152.3 1 0
github.com/weibh/taskmanager/infrastructure/hook/hooks/metrics.go:154.2,154.20 1 0
github.com/weibh/taskmanager/infrastructure/hook/hooks/metrics.go:158.141,161.2 2 0
github.com/weibh/taskmanager/infrastructure/hook/hooks/metrics.go:164.56,166.2 1 1
github.com/weibh/taskmanager/infrastructure/hook/hooks/rate_limit.go:27.87,34.2 1 1
github.com/weibh/taskmanager/infrastructure/hook/hooks/rate_limit.go:37.125,38.24 1 1
github.com/weibh/taskmanager/infrastructure/hook/hooks/rate_limit.go:38.24,42.3 2 1
github.com/weibh/taskmanager/infrastructure/hook/hooks/rate_limit.go:43.2,43.21 1 1
github.com/weibh/taskmanager/infrastructure/hook/hooks/rate_limit.go:47.52,49.2 1 1
github.com/weibh/taskmanager/infrastructure/hook/hooks/rate_limit.go:52.45,54.2 1 0
github.com/weibh/taskmanager/infrastructure/hook/hooks/rate_limit.go:57.61,59.2 1 0
github.com/weibh/taskmanager/infrastructure/hook/hooks/rate_limit.go:62.53,64.2 1 0
github.com/weibh/taskmanager/infrastructure/hook/hooks/rate_limit.go:67.54,69.2 1 0
github.com/weibh/taskmanager/infrastructure/llm/claude.go:48.65,50.19 2 0
github.com/weibh/taskmanager/infrastructure/llm/claude.go:50.19,52.3 1 0
github.com/weibh/taskmanager/infrastructure/llm/claude.go:54.2,59.8 1 0
github.com/weibh/taskmanager/infrastructure/llm/claude.go:63.87,76.16 4 0
github.com/weibh/taskmanager/infrastructure/llm/claude.go:76.16,78.3 1 0
github.com/weibh/taskmanager/infrastructure/llm/claude.go:80.2,81.16 2 0
github.com/weibh/taskmanager/infrastructure/llm/claude.go:81.16,83.3 1 0
github.com/weibh/taskmanager/infrastructure/llm/claude.go:85.2,90.16 5 0
github.com/weibh/taskmanager/infrastructure/llm/claude.go:90.16,92.3 1 0
github.com/weibh/taskmanager/infrastructure/llm/claude.go:93.2,96.16 3 0
github.com/weibh/taskmanager/infrastructure/llm/claude.go:96.16,98.3 1 0
github.com/weibh/taskmanager/infrastructure/llm/claude.go:100.2,100.38 1 0
github.com/weibh/taskmanager/infrastructure/llm/claude.go:100.38,102.3 1 0
github.com/weibh/taskmanager/infrastructure/llm/claude.go:104.2,105.58 2 0
github.com/weibh/taskmanager/infrastructure/llm/claude.go:105.58,107.3 1 0
github.com/weibh/taskmanager/infrastructure/llm/claude.go:109.2,109.34 1 0
github.com/weibh/taskmanager/infrastructure/llm/claude.go:109.34,111.3 1 0
github.com/weibh/taskmanager/infrastructure/llm/claude.go:113.2,113.40 1 0
github.com/weibh/taskmanager/infrastructure/llm/claude.go:117.145,121.16 3 0
github.com/weibh/taskmanager/infrastructure/llm/claude.go:121.16,123.3 1 0
github.com/weibh/taskmanager/infrastructure/llm/claude.go:125.2,128.16 3 0
github.com/weibh/taskmanager/infrastructure/llm/claude.go:128.16,130.3 1 0
github.com/weibh/taskmanager/infrastructure/llm/claude.go:132.2,132.18 1 0
github.com/weibh/taskmanager/infrastructure/llm/claude.go:136.150,141.2 2 0
github.com/weibh/taskmanager/infrastructure/llm/claude.go:144.40,146.2 1 0
github.com/weibh/taskmanager/infrastructure/llm/claude.go:149.47,151.2 1 0
github.com/weibh/taskmanager/infrastructure/llm/claude_header_transport.go:17.56,21.2 1 0
github.com/weibh/taskmanager/infrastructure/llm/claude_header_transport.go:24.86,43.28 2 0
github.com/weibh/taskmanager/infrastructure/llm/claude_header_transport.go:43.28,45.3 1 0
github.com/weibh/taskmanager/infrastructure/llm/claude_header_transport.go:47.2,47.28 1 0
github.com/weibh/taskmanager/infrastructure/llm/claude_header_transport.go:51.41,55.2 1 0
github.com/weibh/taskmanager/infrastructure/llm/eino.go:75.55,77.2 1 0
github.com/weibh/taskmanager/infrastructure/llm/eino.go:80.81,82.2 1 0
github.com/weibh/taskmanager/infrastructure/llm/eino.go:87.81,89.19 2 0
github.com/weibh/taskmanager/infrastructure/llm/eino.go:89.19,91.3 1 0
github.com/weibh/taskmanager/infrastructure/llm/eino.go:93.2,98.16 2 0
github.com/weibh/taskmanager/infrastructure/llm/eino.go:98.16,100.3 1 0
github.com/weibh/taskmanager/infrastructure/llm/eino.go:102.2,102.19 1 0
github.com/weibh/taskmanager/infrastructure/llm/eino.go:102.19,104.3 1 0
github.com/weibh/taskmanager/infrastructure/llm/eino.go:106.2,110.8 1 0
github.com/weibh/taskmanager/infrastructure/llm/eino.go:114.85,120.16 3 0
github.com/weibh/taskmanager/infrastructure/llm/eino.go:120.16,122.3 1 0
github.com/weibh/taskmanager/infrastructure/llm/eino.go:124.2,124.64 1 0
github.com/weibh/taskmanager/infrastructure/llm/eino.go:124.64,130.3 1 0
github.com/weibh/taskmanager/infrastructure/llm/eino.go:132.2,132.26 1 0
github.com/weibh/taskmanager/infrastructure/llm/eino.go:140.157,141.24 1 1
github.com/weibh/taskmanager/infrastructure/llm/eino.go:141.24,143.3 1 0
github.com/weibh/taskmanager/infrastructure/llm/eino.go:146.2,147.42 2 1
github.com/weibh/taskmanager/infrastructure/llm/eino.go:147.42,148.22 1 1
github.com/weibh/taskmanager/infrastructure/llm/eino.go:148.22,149.38 1 1
github.com/weibh/taskmanager/infrastructure/llm/eino.go:149.38,151.5 1 1
github.com/weibh/taskmanager/infrastructure/llm/eino.go:156.2,157.28 2 1
github.com/weibh/taskmanager/infrastructure/llm/eino.go:157.28,160.28 2 1
github.com/weibh/taskmanager/infrastructure/llm/eino.go:160.28,162.4 1 0
github.com/weibh/taskmanager/infrastructure/llm/eino.go:164.3,168.5 1 1
github.com/weibh/taskmanager/infrastructure/llm/eino.go:172.2,174.24 3 1
github.com/weibh/taskmanager/infrastructure/llm/eino.go:174.24,176.17 2 1
github.com/weibh/taskmanager/infrastructure/llm/eino.go:176.17,178.4 1 0
github.com/weibh/taskmanager/infrastructure/llm/eino.go:182.2,188.61 3 1
github.com/weibh/taskmanager/infrastructure/llm/eino.go:188.61,195.17 3 1
github.com/weibh/taskmanager/infrastructure/llm/eino.go:195.17,197.4 1 0
github.com/weibh/taskmanager/infrastructure/llm/eino.go:199.3,204.65 2 1
github.com/weibh/taskmanager/infrastructure/llm/eino.go:204.65,210.4 1 0
github.com/weibh/taskmanager/infrastructure/llm/eino.go:213.3,214.37 2 1
github.com/weibh/taskmanager/infrastructure/llm/eino.go:214.37,216.4 1 1
github.com/weibh/taskmanager/infrastructure/llm/eino.go:219.3,219.31 1 1
github.com/weibh/taskmanager/infrastructure/llm/eino.go:219.31,221.4 1 1
github.com/weibh/taskmanager/infrastructure/llm/eino.go:225.3,225.28 1 1
github.com/weibh/taskmanager/infrastructure/llm/eino.go:225.28,231.4 1 0
github.com/weibh/taskmanager/infrastructure/llm/eino.go:233.3,239.37 3 1
github.com/weibh/taskmanager/infrastructure/llm/eino.go:239.37,253.79 4 1
github.com/weibh/taskmanager/infrastructure/llm/eino.go:253.79,255.5 1 0
github.com/weibh/taskmanager/infrastructure/llm/eino.go:256.4,262.11 4 1
github.com/weibh/taskmanager/infrastructure/llm/eino.go:262.11,275.13 5 0
github.com/weibh/taskmanager/infrastructure/llm/eino.go:279.4,281.37 3 1
github.com/weibh/taskmanager/infrastructure/llm/eino.go:281.37,282.87 1 0
github.com/weibh/taskmanager/infrastructure/llm/eino.go:282.87,284.6 1 0
github.com/weibh/taskmanager/infrastructure/llm/eino.go:286.5,286.54 1 0
github.com/weibh/taskmanager/infrastructure/llm/eino.go:286.54,287.60 1 0
github.com/weibh/taskmanager/infrastructure/llm/eino.go:287.60,289.7 1 0
github.com/weibh/taskmanager/infrastructure/llm/eino.go:294.4,295.18 2 1
github.com/weibh/taskmanager/infrastructure/llm/eino.go:295.18,307.13 5 0
github.com/weibh/taskmanager/infrastructure/llm/eino.go:311.4,312.26 2 1
github.com/weibh/taskmanager/infrastructure/llm/eino.go:312.26,314.5 1 0
github.com/weibh/taskmanager/infrastructure/llm/eino.go:315.4,328.6 4 1
github.com/weibh/taskmanager/infrastructure/llm/eino.go:333.3,333.53 1 1
github.com/weibh/taskmanager/infrastructure/llm/eino.go:333.53,335.4 1 0
github.com/weibh/taskmanager/infrastructure/llm/eino.go:339.2,339.23 1 0
github.com/weibh/taskmanager/infrastructure/llm/eino.go:339.23,342.3 2 0
github.com/weibh/taskmanager/infrastructure/llm/eino.go:344.2,344.30 1 0
github.com/weibh/taskmanager/infrastructure/llm/eino.go:348.143,352.16 3 0
github.com/weibh/taskmanager/infrastructure/llm/eino.go:352.16,354.3 1 0
github.com/weibh/taskmanager/infrastructure/llm/eino.go:357.2,360.16 3 0
github.com/weibh/taskmanager/infrastructure/llm/eino.go:360.16,362.3 1 0
github.com/weibh/taskmanager/infrastructure/llm/eino.go:364.2,364.18 1 0
github.com/weibh/taskmanager/infrastructure/llm/eino.go:368.45,370.2 1 0
github.com/weibh/taskmanager/infrastructure/llm/eino.go:373.38,375.2 1 0
github.com/weibh/taskmanager/infrastructure/llm/eino.go:378.96,380.19 2 0
github.com/weibh/taskmanager/infrastructure/llm/eino.go:380.19,382.3 1 0
github.com/weibh/taskmanager/infrastructure/llm/eino.go:384.2,389.16 2 0
github.com/weibh/taskmanager/infrastructure/llm/eino.go:389.16,391.3 1 0
github.com/weibh/taskmanager/infrastructure/llm/eino.go:393.2,393.23 1 0
github.com/weibh/taskmanager/infrastructure/llm/eino.go:397.133,398.20 1 0
github.com/weibh/taskmanager/infrastructure/llm/eino.go:398.20,400.3 1 0
github.com/weibh/taskmanager/infrastructure/llm/eino.go:403.2,404.32 2 0
github.com/weibh/taskmanager/infrastructure/llm/eino.go:404.32,405.22 1 0
github.com/weibh/taskmanager/infrastructure/llm/eino.go:405.22,406.38 1 0
github.com/weibh/taskmanager/infrastructure/llm/eino.go:406.38,409.30 2 0
github.com/weibh/taskmanager/infrastructure/llm/eino.go:409.30,411.6 1 0
github.com/weibh/taskmanager/infrastructure/llm/eino.go:413.5,417.7 1 0
github.com/weibh/taskmanager/infrastructure/llm/eino.go:422.2,422.25 1 0
github.com/weibh/taskmanager/infrastructure/llm/eino.go:422.25,424.3 1 0
github.com/weibh/taskmanager/infrastructure/llm/eino.go:426.2,426.39 1 0
github.com/weibh/taskmanager/infrastructure/llm/eino.go:430.80,434.22 2 0
github.com/weibh/taskmanager/infrastructure/llm/eino.go:434.22,436.3 1 0
github.com/weibh/taskmanager/infrastructure/llm/eino.go:439.2,441.17 2 0
github.com/weibh/taskmanager/infrastructure/llm/eino.go:445.112,446.35 1 1
github.com/weibh/taskmanager/infrastructure/llm/eino.go:446.35,448.3 1 0
github.com/weibh/taskmanager/infrastructure/llm/factory.go:22.54,24.2 1 0
github.com/weibh/taskmanager/infrastructure/llm/factory.go:27.95,28.19 1 0
github.com/weibh/taskmanager/infrastructure/llm/factory.go:28.19,30.3 1 0
github.com/weibh/taskmanager/infrastructure/llm/factory.go:32.2,32.43 1 0
github.com/weibh/taskmanager/infrastructure/llm/factory.go:32.43,34.3 1 0
github.com/weibh/taskmanager/infrastructure/llm/factory.go:37.2,37.28 1 0
github.com/weibh/taskmanager/infrastructure/llm/factory.go:38.36,39.40 1 0
github.com/weibh/taskmanager/infrastructure/llm/factory.go:40.10,41.40 1 0
github.com/weibh/taskmanager/infrastructure/llm/factory.go:46.112,48.19 2 0
github.com/weibh/taskmanager/infrastructure/llm/factory.go:48.19,50.3 1 0
github.com/weibh/taskmanager/infrastructure/llm/factory.go:52.2,57.16 2 0
github.com/weibh/taskmanager/infrastructure/llm/factory.go:57.16,59.3 1 0
github.com/weibh/taskmanager/infrastructure/llm/factory.go:61.2,74.8 2 0
github.com/weibh/taskmanager/infrastructure/llm/factory.go:78.112,80.19 2 0
github.com/weibh/taskmanager/infrastructure/llm/factory.go:80.19,82.3 1 0
github.com/weibh/taskmanager/infrastructure/llm/factory.go:84.2,85.20 2 0
github.com/weibh/taskmanager/infrastructure/llm/factory.go:85.20,87.3 1 0
github.com/weibh/taskmanager/infrastructure/llm/factory.go:89.2,98.16 3 0
github.com/weibh/taskmanager/infrastructure/llm/factory.go:98.16,100.3 1 0
github.com/weibh/taskmanager/infrastructure/llm/factory.go:102.2,115.8 2 0
github.com/weibh/taskmanager/infrastructure/llm/factory.go:119.83,120.32 1 0
github.com/weibh/taskmanager/infrastructure/llm/factory.go:120.32,122.3 1 0
github.com/weibh/taskmanager/infrastructure/llm/factory.go:123.2,123.30 1 0
github.com/weibh/taskmanager/infrastructure/llm/factory.go:123.30,125.3 1 0
github.com/weibh/taskmanager/infrastructure/llm/factory.go:126.2,126.12 1 0
github.com/weibh/taskmanager/infrastructure/llm/hookable.go:35.65,37.2 1 0
github.com/weibh/taskmanager/infrastructure/llm/hookable.go:40.73,42.2 1 0
github.com/weibh/taskmanager/infrastructure/llm/hookable.go:46.104,52.2 5 0
github.com/weibh/taskmanager/infrastructure/llm/hookable.go:55.89,57.22 1 0
github.com/weibh/taskmanager/infrastructure/llm/hookable.go:57.22,66.17 4 0
github.com/weibh/taskmanager/infrastructure/llm/hookable.go:66.17,68.4 1 0
github.com/weibh/taskmanager/infrastructure/llm/hookable.go:69.3,69.30 1 0
github.com/weibh/taskmanager/infrastructure/llm/hookable.go:73.2,74.16 2 0
github.com/weibh/taskmanager/infrastructure/llm/hookable.go:74.16,76.3 1 0
github.com/weibh/taskmanager/infrastructure/llm/hookable.go:79.2,79.22 1 0
github.com/weibh/taskmanager/infrastructure/llm/hookable.go:79.22,88.17 4 0
github.com/weibh/taskmanager/infrastructure/llm/hookable.go:88.17,90.4 1 0
github.com/weibh/taskmanager/infrastructure/llm/hookable.go:91.3,91.34 1 0
github.com/weibh/taskmanager/infrastructure/llm/hookable.go:94.2,94.22 1 0
github.com/weibh/taskmanager/infrastructure/llm/hookable.go:98.52,105.2 2 0
github.com/weibh/taskmanager/infrastructure/llm/hookable.go:108.147,114.23 3 0
github.com/weibh/taskmanager/infrastructure/llm/hookable.go:114.23,116.3 1 0
github.com/weibh/taskmanager/infrastructure/llm/hookable.go:117.2,117.23 1 0
github.com/weibh/taskmanager/infrastructure/llm/hookable.go:117.23,119.3 1 0
github.com/weibh/taskmanager/infrastructure/llm/hookable.go:120.2,120.22 1 0
github.com/weibh/taskmanager/infrastructure/llm/hookable.go:120.22,122.3 1 0
github.com/weibh/taskmanager/infrastructure/llm/hookable.go:123.2,123.25 1 0
github.com/weibh/taskmanager/infrastructure/llm/hookable.go:123.25,125.3 1 0
github.com/weibh/taskmanager/infrastructure/llm/hookable.go:128.2,128.22 1 0
github.com/weibh/taskmanager/infrastructure/llm/hookable.go:128.22,138.17 4 0
github.com/weibh/taskmanager/infrastructure/llm/hookable.go:138.17,140.4 1 0
github.com/weibh/taskmanager/infrastructure/llm/hookable.go:141.3,141.30 1 0
github.com/weibh/taskmanager/infrastructure/llm/hookable.go:145.2,146.16 2 0
github.com/weibh/taskmanager/infrastructure/llm/hookable.go:146.16,148.3 1 0
github.com/weibh/taskmanager/infrastructure/llm/hookable.go:151.2,151.22 1 0
github.com/weibh/taskmanager/infrastructure/llm/hookable.go:151.22,160.17 4 0
github.com/weibh/taskmanager/infrastructure/llm/hookable.go:160.17,162.4 1 0
github.com/weibh/taskmanager/infrastructure/llm/hookable.go:163.3,163.34 1 0
github.com/weibh/taskmanager/infrastructure/llm/hookable.go:167.2,169.16 3 0
github.com/weibh/taskmanager/infrastructure/llm/hookable.go:169.16,171.3 1 0
github.com/weibh/taskmanager/infrastructure/llm/hookable.go:173.2,173.18 1 0
github.com/weibh/taskmanager/infrastructure/llm/hookable.go:177.42,179.2 1 0
github.com/weibh/taskmanager/infrastructure/llm/hookable.go:182.49,184.2 1 0
github.com/weibh/taskmanager/infrastructure/llm/hookable.go:187.152,189.2 1 0
github.com/weibh/taskmanager/infrastructure/llm/ollama.go:40.65,42.19 2 0
github.com/weibh/taskmanager/infrastructure/llm/ollama.go:42.19,44.3 1 0
github.com/weibh/taskmanager/infrastructure/llm/ollama.go:46.2,51.8 1 0
github.com/weibh/taskmanager/infrastructure/llm/ollama.go:55.87,64.16 3 0
github.com/weibh/taskmanager/infrastructure/llm/ollama.go:64.16,66.3 1 0
github.com/weibh/taskmanager/infrastructure/llm/ollama.go:68.2,71.16 3 0
github.com/weibh/taskmanager/infrastructure/llm/ollama.go:71.16,73.3 1 0
github.com/weibh/taskmanager/infrastructure/llm/ollama.go:75.2,78.16 3 0
github.com/weibh/taskmanager/infrastructure/llm/ollama.go:78.16,80.3 1 0
github.com/weibh/taskmanager/infrastructure/llm/ollama.go:81.2,84.16 3 0
github.com/weibh/taskmanager/infrastructure/llm/ollama.go:84.16,86.3 1 0
github.com/weibh/taskmanager/infrastructure/llm/ollama.go:88.2,88.38 1 0
github.com/weibh/taskmanager/infrastructure/llm/ollama.go:88.38,90.3 1 0
github.com/weibh/taskmanager/infrastructure/llm/ollama.go:92.2,93.58 2 0
github.com/weibh/taskmanager/infrastructure/llm/ollama.go:93.58,95.3 1 0
github.com/weibh/taskmanager/infrastructure/llm/ollama.go:97.2,97.33 1 0
github.com/weibh/taskmanager/infrastructure/llm/ollama.go:101.145,105.16 3 0
github.com/weibh/taskmanager/infrastructure/llm/ollama.go:105.16,107.3 1 0
github.com/weibh/taskmanager/infrastructure/llm/ollama.go:109.2,112.16 3 0
github.com/weibh/taskmanager/infrastructure/llm/ollama.go:112.16,114.3 1 0
github.com/weibh/taskmanager/infrastructure/llm/ollama.go:116.2,116.18 1 0
github.com/weibh/taskmanager/infrastructure/llm/ollama.go:120.150,125.2 2 0
github.com/weibh/taskmanager/infrastructure/llm/ollama.go:128.40,130.2 1 0
github.com/weibh/taskmanager/infrastructure/llm/ollama.go:133.47,135.2 1 0
github.com/weibh/taskmanager/infrastructure/llm/openai.go:78.65,80.19 2 0
github.com/weibh/taskmanager/infrastructure/llm/openai.go:80.19,82.3 1 0
github.com/weibh/taskmanager/infrastructure/llm/openai.go:84.2,89.8 1 0
github.com/weibh/taskmanager/infrastructure/llm/openai.go:93.87,106.16 4 0
github.com/weibh/taskmanager/infrastructure/llm/openai.go:106.16,108.3 1 0
github.com/weibh/taskmanager/infrastructure/llm/openai.go:110.2,111.15 2 0
github.com/weibh/taskmanager/infrastructure/llm/openai.go:111.15,113.3 1 0
github.com/weibh/taskmanager/infrastructure/llm/openai.go:113.8,115.51 2 0
github.com/weibh/taskmanager/infrastructure/llm/openai.go:115.51,117.4 1 0
github.com/weibh/taskmanager/infrastructure/llm/openai.go:120.2,121.16 2 0
github.com/weibh/taskmanager/infrastructure/llm/openai.go:121.16,123.3 1 0
github.com/weibh/taskmanager/infrastructure/llm/openai.go:125.2,129.16 4 0
github.com/weibh/taskmanager/infrastructure/llm/openai.go:129.16,131.3 1 0
github.com/weibh/taskmanager/infrastructure/llm/openai.go:132.2,135.16 3 0
github.com/weibh/taskmanager/infrastructure/llm/openai.go:135.16,137.3 1 0
github.com/weibh/taskmanager/infrastructure/llm/openai.go:139.2,139.38 1 0
github.com/weibh/taskmanager/infrastructure/llm/openai.go:139.38,141.3 1 0
github.com/weibh/taskmanager/infrastructure/llm/openai.go:143.2,144.58 2 0
github.com/weibh/taskmanager/infrastructure/llm/openai.go:144.58,146.3 1 0
github.com/weibh/taskmanager/infrastructure/llm/openai.go:148.2,148.34 1 0
github.com/weibh/taskmanager/infrastructure/llm/openai.go:148.34,150.3 1 0
github.com/weibh/taskmanager/infrastructure/llm/openai.go:153.2,155.51 2 0
github.com/weibh/taskmanager/infrastructure/llm/openai.go:159.47,161.2 1 0
github.com/weibh/taskmanager/infrastructure/llm/openai.go:164.159,165.24 1 0
github.com/weibh/taskmanager/infrastructure/llm/openai.go:165.24,167.3 1 0
github.com/weibh/taskmanager/infrastructure/llm/openai.go:170.2,176.42 3 0
github.com/weibh/taskmanager/infrastructure/llm/openai.go:176.42,177.22 1 0
github.com/weibh/taskmanager/infrastructure/llm/openai.go:177.22,178.41 1 0
github.com/weibh/taskmanager/infrastructure/llm/openai.go:178.41,180.5 1 0
[...]
github.com/weibh/taskmanager/interfaces/http/router.go:84.9,86.4 1 0
github.com/weibh/taskmanager/interfaces/http/router.go:90.2,90.93 1 1
github.com/weibh/taskmanager/interfaces/http/router.go:90.93,91.33 1 1
github.com/weibh/taskmanager/interfaces/http/router.go:91.33,92.46 1 1
github.com/weibh/taskmanager/interfaces/http/router.go:92.46,94.5 1 1
github.com/weibh/taskmanager/interfaces/http/router.go:94.10,96.5 1 0
github.com/weibh/taskmanager/interfaces/http/router.go:97.9,99.4 1 0
github.com/weibh/taskmanager/interfaces/http/router.go:104.2,104.92 1 1
github.com/weibh/taskmanager/interfaces/http/router.go:104.92,106.34 2 1
github.com/weibh/taskmanager/interfaces/http/router.go:106.34,107.42 1 1
github.com/weibh/taskmanager/interfaces/http/router.go:107.42,110.5 2 1
github.com/weibh/taskmanager/interfaces/http/router.go:111.4,111.41 1 0
github.com/weibh/taskmanager/interfaces/http/router.go:111.41,114.5 2 0
github.com/weibh/taskmanager/interfaces/http/router.go:116.3,116.67 1 0
github.com/weibh/taskmanager/interfaces/http/router.go:119.2,119.24 1 1
github.com/weibh/taskmanager/interfaces/http/router.go:119.24,120.85 1 0
github.com/weibh/taskmanager/interfaces/http/router.go:120.85,121.35 1 0
github.com/weibh/taskmanager/interfaces/http/router.go:121.35,124.5 2 0
github.com/weibh/taskmanager/interfaces/http/router.go:125.4,125.27 1 0
github.com/weibh/taskmanager/interfaces/http/router.go:127.3,127.94 1 0
github.com/weibh/taskmanager/interfaces/http/router.go:127.94,128.34 1 0
github.com/weibh/taskmanager/interfaces/http/router.go:128.34,131.5 2 0
github.com/weibh/taskmanager/interfaces/http/router.go:132.4,132.24 1 0
github.com/weibh/taskmanager/interfaces/http/router.go:137.2,137.23 1 1
github.com/weibh/taskmanager/interfaces/http/router.go:137.23,138.98 1 0
github.com/weibh/taskmanager/interfaces/http/router.go:138.98,139.20 1 0
github.com/weibh/taskmanager/interfaces/http/router.go:140.25,141.34 1 0
github.com/weibh/taskmanager/interfaces/http/router.go:142.24,143.38 1 0
github.com/weibh/taskmanager/interfaces/http/router.go:143.38,146.6 2 0
github.com/weibh/taskmanager/interfaces/http/router.go:147.5,147.33 1 0
github.com/weibh/taskmanager/interfaces/http/router.go:148.24,149.34 1 0
github.com/weibh/taskmanager/interfaces/http/router.go:150.27,151.34 1 0
github.com/weibh/taskmanager/interfaces/http/router.go:152.12,153.69 1 0
github.com/weibh/taskmanager/interfaces/http/router.go:156.3,156.103 1 0
github.com/weibh/taskmanager/interfaces/http/router.go:156.103,157.35 1 0
github.com/weibh/taskmanager/interfaces/http/router.go:157.35,160.5 2 0
github.com/weibh/taskmanager/interfaces/http/router.go:161.4,161.31 1 0
github.com/weibh/taskmanager/interfaces/http/router.go:163.3,163.106 1 0
github.com/weibh/taskmanager/interfaces/http/router.go:163.106,164.35 1 0
github.com/weibh/taskmanager/interfaces/http/router.go:164.35,167.5 2 0
github.com/weibh/taskmanager/interfaces/http/router.go:168.4,168.40 1 0
github.com/weibh/taskmanager/interfaces/http/router.go:170.3,170.104 1 0
github.com/weibh/taskmanager/interfaces/http/router.go:170.104,171.34 1 0
github.com/weibh/taskmanager/interfaces/http/router.go:171.34,174.5 2 0
github.com/weibh/taskmanager/interfaces/http/router.go:175.4,175.30 1 0
github.com/weibh/taskmanager/interfaces/http/router.go:177.3,177.99 1 0
github.com/weibh/taskmanager/interfaces/http/router.go:177.99,178.20 1 0
github.com/weibh/taskmanager/interfaces/http/router.go:179.24,180.34 1 0
github.com/weibh/taskmanager/interfaces/http/router.go:181.25,182.35 1 0
github.com/weibh/taskmanager/interfaces/http/router.go:183.24,184.35 1 0
github.com/weibh/taskmanager/interfaces/http/router.go:185.27,186.35 1 0
github.com/weibh/taskmanager/interfaces/http/router.go:187.12,188.69 1 0
github.com/weibh/taskmanager/interfaces/http/router.go:193.2,193.24 1 1
github.com/weibh/taskmanager/interfaces/http/router.go:193.24,194.80 1 0
github.com/weibh/taskmanager/interfaces/http/router.go:194.80,195.57 1 0
github.com/weibh/taskmanager/interfaces/http/router.go:195.57,196.55 1 0
github.com/weibh/taskmanager/interfaces/http/router.go:196.55,200.6 3 0
github.com/weibh/taskmanager/interfaces/http/router.go:202.4,202.20 1 0
github.com/weibh/taskmanager/interfaces/http/router.go:203.25,204.33 1 0
github.com/weibh/taskmanager/interfaces/http/router.go:205.24,206.38 1 0
github.com/weibh/taskmanager/interfaces/http/router.go:206.38,209.6 2 0
github.com/weibh/taskmanager/interfaces/http/router.go:210.5,210.32 1 0
github.com/weibh/taskmanager/interfaces/http/router.go:211.24,212.33 1 0
github.com/weibh/taskmanager/interfaces/http/router.go:213.27,214.33 1 0
github.com/weibh/taskmanager/interfaces/http/router.go:215.12,216.69 1 0
github.com/weibh/taskmanager/interfaces/http/router.go:221.2,221.25 1 1
github.com/weibh/taskmanager/interfaces/http/router.go:221.25,222.93 1 0
github.com/weibh/taskmanager/interfaces/http/router.go:222.93,223.20 1 0
github.com/weibh/taskmanager/interfaces/http/router.go:224.25,225.35 1 0
github.com/weibh/taskmanager/interfaces/http/router.go:226.24,227.73 1 0
github.com/weibh/taskmanager/interfaces/http/router.go:227.73,230.6 2 0
github.com/weibh/taskmanager/interfaces/http/router.go:231.5,231.34 1 0
github.com/weibh/taskmanager/interfaces/http/router.go:232.24,233.35 1 0
github.com/weibh/taskmanager/interfaces/http/router.go:234.26,235.34 1 0
github.com/weibh/taskmanager/interfaces/http/router.go:236.27,237.35 1 0
github.com/weibh/taskmanager/interfaces/http/router.go:238.12,239.69 1 0
github.com/weibh/taskmanager/interfaces/http/router.go:244.2,244.28 1 1
github.com/weibh/taskmanager/interfaces/http/router.go:244.28,245.96 1 0
github.com/weibh/taskmanager/interfaces/http/router.go:245.96,246.20 1 0
github.com/weibh/taskmanager/interfaces/http/router.go:247.25,248.41 1 0
github.com/weibh/taskmanager/interfaces/http/router.go:249.24,250.38 1 0
github.com/weibh/taskmanager/interfaces/http/router.go:250.38,253.6 2 0
github.com/weibh/taskmanager/interfaces/http/router.go:254.5,254.40 1 0
github.com/weibh/taskmanager/interfaces/http/router.go:255.24,256.41 1 0
github.com/weibh/taskmanager/interfaces/http/router.go:257.27,258.41 1 0
github.com/weibh/taskmanager/interfaces/http/router.go:259.12,260.69 1 0
github.com/weibh/taskmanager/interfaces/http/router.go:264.3,264.101 1 0
github.com/weibh/taskmanager/interfaces/http/router.go:264.101,265.35 1 0
github.com/weibh/taskmanager/interfaces/http/router.go:265.35,268.5 2 0
github.com/weibh/taskmanager/interfaces/http/router.go:269.4,269.40 1 0
github.com/weibh/taskmanager/interfaces/http/router.go:272.3,272.106 1 0
github.com/weibh/taskmanager/interfaces/http/router.go:272.106,273.20 1 0
github.com/weibh/taskmanager/interfaces/http/router.go:274.24,275.45 1 0
github.com/weibh/taskmanager/interfaces/http/router.go:276.24,277.48 1 0
github.com/weibh/taskmanager/interfaces/http/router.go:278.12,279.69 1 0
github.com/weibh/taskmanager/interfaces/http/router.go:284.2,284.27 1 1
github.com/weibh/taskmanager/interfaces/http/router.go:284.27,285.95 1 0
github.com/weibh/taskmanager/interfaces/http/router.go:285.95,286.20 1 0
github.com/weibh/taskmanager/interfaces/http/router.go:287.25,288.39 1 0
github.com/weibh/taskmanager/interfaces/http/router.go:289.24,290.73 1 0
github.com/weibh/taskmanager/interfaces/http/router.go:290.73,293.6 2 0
github.com/weibh/taskmanager/interfaces/http/router.go:294.5,294.38 1 0
github.com/weibh/taskmanager/interfaces/http/router.go:295.24,296.39 1 0
github.com/weibh/taskmanager/interfaces/http/router.go:297.27,298.39 1 0
github.com/weibh/taskmanager/interfaces/http/router.go:299.12,300.69 1 0
github.com/weibh/taskmanager/interfaces/http/router.go:304.3,304.101 1 0
github.com/weibh/taskmanager/interfaces/http/router.go:304.101,305.34 1 0
github.com/weibh/taskmanager/interfaces/http/router.go:305.34,308.5 2 0
github.com/weibh/taskmanager/interfaces/http/router.go:309.4,309.41 1 0
github.com/weibh/taskmanager/interfaces/http/router.go:313.2,313.27 1 1
github.com/weibh/taskmanager/interfaces/http/router.go:313.27,314.95 1 0
github.com/weibh/taskmanager/interfaces/http/router.go:314.95,315.20 1 0
github.com/weibh/taskmanager/interfaces/http/router.go:316.25,317.39 1 0
github.com/weibh/taskmanager/interfaces/http/router.go:318.24,319.47 1 0
github.com/weibh/taskmanager/interfaces/http/router.go:319.47,322.6 2 0
github.com/weibh/taskmanager/interfaces/http/router.go:323.5,323.38 1 0
github.com/weibh/taskmanager/interfaces/http/router.go:324.27,325.39 1 0
github.com/weibh/taskmanager/interfaces/http/router.go:326.12,327.69 1 0
github.com/weibh/taskmanager/interfaces/http/router.go:331.3,331.96 1 0
github.com/weibh/taskmanager/interfaces/http/router.go:331.96,333.11 2 0
github.com/weibh/taskmanager/interfaces/http/router.go:334.43,335.36 1 0
github.com/weibh/taskmanager/interfaces/http/router.go:335.36,338.6 2 0
github.com/weibh/taskmanager/interfaces/http/router.go:339.5,339.38 1 0
github.com/weibh/taskmanager/interfaces/http/router.go:340.46,341.21 1 0
github.com/weibh/taskmanager/interfaces/http/router.go:342.25,343.45 1 0
github.com/weibh/taskmanager/interfaces/http/router.go:344.25,345.48 1 0
github.com/weibh/taskmanager/interfaces/http/router.go:346.13,347.70 1 0
github.com/weibh/taskmanager/interfaces/http/router.go:349.12,350.21 1 0
github.com/weibh/taskmanager/interfaces/http/router.go:351.25,352.37 1 0
github.com/weibh/taskmanager/interfaces/http/router.go:353.28,354.40 1 0
github.com/weibh/taskmanager/interfaces/http/router.go:355.13,356.70 1 0
github.com/weibh/taskmanager/interfaces/http/router.go:362.2,362.38 1 1
github.com/weibh/taskmanager/interfaces/http/router.go:362.38,363.107 1 0
github.com/weibh/taskmanager/interfaces/http/router.go:363.107,364.20 1 0
github.com/weibh/taskmanager/interfaces/http/router.go:365.25,366.49 1 0
github.com/weibh/taskmanager/interfaces/http/router.go:367.24,368.38 1 0
github.com/weibh/taskmanager/interfaces/http/router.go:368.38,371.6 2 0
github.com/weibh/taskmanager/interfaces/http/router.go:372.5,372.48 1 0
github.com/weibh/taskmanager/interfaces/http/router.go:373.12,374.69 1 0
github.com/weibh/taskmanager/interfaces/http/router.go:379.3,379.116 1 0
github.com/weibh/taskmanager/interfaces/http/router.go:379.116,380.34 1 0
github.com/weibh/taskmanager/interfaces/http/router.go:380.34,383.5 2 0
github.com/weibh/taskmanager/interfaces/http/router.go:384.4,385.67 2 0
github.com/weibh/taskmanager/interfaces/http/router.go:389.3,389.114 1 0
github.com/weibh/taskmanager/interfaces/http/router.go:389.114,390.34 1 0
github.com/weibh/taskmanager/interfaces/http/router.go:390.34,393.5 2 0
github.com/weibh/taskmanager/interfaces/http/router.go:394.4,395.62 2 0
github.com/weibh/taskmanager/interfaces/http/router.go:399.3,399.113 1 0
github.com/weibh/taskmanager/interfaces/http/router.go:399.113,400.34 1 0
github.com/weibh/taskmanager/interfaces/http/router.go:400.34,403.5 2 0
github.com/weibh/taskmanager/interfaces/http/router.go:404.4,404.44 1 0
github.com/weibh/taskmanager/interfaces/http/router.go:409.2,410.87 2 1
github.com/weibh/taskmanager/interfaces/http/router.go:410.87,411.33 1 0
github.com/weibh/taskmanager/interfaces/http/router.go:411.33,414.4 2 0
github.com/weibh/taskmanager/interfaces/http/router.go:415.3,415.38 1 0
github.com/weibh/taskmanager/interfaces/http/router.go:419.2,419.25 1 1
github.com/weibh/taskmanager/interfaces/http/router.go:419.25,420.93 1 0
github.com/weibh/taskmanager/interfaces/http/router.go:420.93,421.20 1 0
github.com/weibh/taskmanager/interfaces/http/router.go:422.24,423.34 1 0
github.com/weibh/taskmanager/interfaces/http/router.go:424.12,425.69 1 0
github.com/weibh/taskmanager/interfaces/http/router.go:428.3,428.100 1 0
github.com/weibh/taskmanager/interfaces/http/router.go:428.100,429.34 1 0
github.com/weibh/taskmanager/interfaces/http/router.go:429.34,432.5 2 0
github.com/weibh/taskmanager/interfaces/http/router.go:433.4,433.31 1 0
github.com/weibh/taskmanager/interfaces/http/router.go:435.3,435.100 1 0
github.com/weibh/taskmanager/interfaces/http/router.go:435.100,436.34 1 0
github.com/weibh/taskmanager/interfaces/http/router.go:436.34,439.5 2 0
github.com/weibh/taskmanager/interfaces/http/router.go:440.4,440.39 1 0
github.com/weibh/taskmanager/interfaces/http/router.go:444.2,444.12 1 1
github.com/weibh/taskmanager/interfaces/http/session_handler.go:16.95,18.2 1 1
github.com/weibh/taskmanager/interfaces/http/session_handler.go:29.80,31.61 2 1
github.com/weibh/taskmanager/interfaces/http/session_handler.go:31.61,35.3 3 1
github.com/weibh/taskmanager/interfaces/http/session_handler.go:36.2,44.16 2 1
github.com/weibh/taskmanager/interfaces/http/session_handler.go:44.16,48.3 3 0
github.com/weibh/taskmanager/interfaces/http/session_handler.go:49.2,50.54 2 1
github.com/weibh/taskmanager/interfaces/http/session_handler.go:53.79,61.20 4 1
github.com/weibh/taskmanager/interfaces/http/session_handler.go:61.20,63.3 1 1
github.com/weibh/taskmanager/interfaces/http/session_handler.go:63.8,63.30 1 1
github.com/weibh/taskmanager/interfaces/http/session_handler.go:63.30,65.3 1 0
github.com/weibh/taskmanager/interfaces/http/session_handler.go:65.8,69.3 3 1
github.com/weibh/taskmanager/interfaces/http/session_handler.go:70.2,70.16 1 1
github.com/weibh/taskmanager/interfaces/http/session_handler.go:70.16,74.3 3 0
github.com/weibh/taskmanager/interfaces/http/session_handler.go:75.2,76.35 2 1
github.com/weibh/taskmanager/interfaces/http/session_handler.go:76.35,78.3 1 1
github.com/weibh/taskmanager/interfaces/http/session_handler.go:79.2,79.37 1 1
github.com/weibh/taskmanager/interfaces/http/session_handler.go:82.77,84.22 2 1
github.com/weibh/taskmanager/interfaces/http/session_handler.go:84.22,86.3 1 1
github.com/weibh/taskmanager/interfaces/http/session_handler.go:87.2,87.22 1 1
github.com/weibh/taskmanager/interfaces/http/session_handler.go:87.22,91.3 3 1
github.com/weibh/taskmanager/interfaces/http/session_handler.go:92.2,93.16 2 1
github.com/weibh/taskmanager/interfaces/http/session_handler.go:93.16,97.3 3 1
github.com/weibh/taskmanager/interfaces/http/session_handler.go:98.2,98.54 1 0
github.com/weibh/taskmanager/interfaces/http/session_handler.go:101.80,103.22 2 1
github.com/weibh/taskmanager/interfaces/http/session_handler.go:103.22,105.3 1 1
github.com/weibh/taskmanager/interfaces/http/session_handler.go:106.2,106.22 1 1
github.com/weibh/taskmanager/interfaces/http/session_handler.go:106.22,110.3 3 1
github.com/weibh/taskmanager/interfaces/http/session_handler.go:111.2,111.80 1 0
github.com/weibh/taskmanager/interfaces/http/session_handler.go:111.80,115.3 3 0
github.com/weibh/taskmanager/interfaces/http/session_handler.go:116.2,116.67 1 0
github.com/weibh/taskmanager/interfaces/http/session_handler.go:119.79,121.22 2 1
github.com/weibh/taskmanager/interfaces/http/session_handler.go:121.22,125.3 3 1
github.com/weibh/taskmanager/interfaces/http/session_handler.go:126.2,126.79 1 0
github.com/weibh/taskmanager/interfaces/http/session_handler.go:126.79,130.3 3 0
github.com/weibh/taskmanager/interfaces/http/session_handler.go:131.2,131.67 1 0
github.com/weibh/taskmanager/interfaces/http/session_handler.go:134.85,136.22 2 0
github.com/weibh/taskmanager/interfaces/http/session_handler.go:136.22,140.3 3 0
github.com/weibh/taskmanager/interfaces/http/session_handler.go:141.2,142.16 2 0
github.com/weibh/taskmanager/interfaces/http/session_handler.go:142.16,146.3 3 0
github.com/weibh/taskmanager/interfaces/http/session_handler.go:147.2,147.41 1 0
github.com/weibh/taskmanager/interfaces/http/session_handler.go:150.88,152.22 2 1
github.com/weibh/taskmanager/interfaces/http/session_handler.go:152.22,156.3 3 1
github.com/weibh/taskmanager/interfaces/http/session_handler.go:157.2,158.66 2 1
github.com/weibh/taskmanager/interfaces/http/session_handler.go:158.66,162.3 3 1
github.com/weibh/taskmanager/interfaces/http/session_handler.go:163.2,166.17 1 0
github.com/weibh/taskmanager/interfaces/http/session_handler.go:166.17,170.3 3 0
github.com/weibh/taskmanager/interfaces/http/session_handler.go:171.2,171.67 1 0
github.com/weibh/taskmanager/interfaces/http/session_handler.go:174.67,176.35 2 1
github.com/weibh/taskmanager/interfaces/http/session_handler.go:176.35,178.3 1 1
github.com/weibh/taskmanager/interfaces/http/session_handler.go:179.2,190.3 1 1
github.com/weibh/taskmanager/interfaces/http/session_handler.go:193.44,195.29 2 1
github.com/weibh/taskmanager/interfaces/http/session_handler.go:195.29,196.45 1 1
github.com/weibh/taskmanager/interfaces/http/session_handler.go:196.45,198.17 2 1
github.com/weibh/taskmanager/interfaces/http/session_handler.go:198.17,200.5 1 1
github.com/weibh/taskmanager/interfaces/http/session_handler.go:203.2,203.11 1 1
github.com/weibh/taskmanager/interfaces/http/skill_handler.go:20.64,24.2 1 0
github.com/weibh/taskmanager/interfaces/http/skill_handler.go:27.75,35.2 3 0
github.com/weibh/taskmanager/interfaces/http/skill_handler.go:38.73,40.16 2 0
github.com/weibh/taskmanager/interfaces/http/skill_handler.go:40.16,43.3 2 0
github.com/weibh/taskmanager/interfaces/http/skill_handler.go:45.2,46.19 2 0
github.com/weibh/taskmanager/interfaces/http/skill_handler.go:46.19,49.3 2 0
github.com/weibh/taskmanager/interfaces/http/skill_handler.go:51.2,54.16 4 0
github.com/weibh/taskmanager/interfaces/http/skill_handler.go:54.16,56.3 1 0
github.com/weibh/taskmanager/interfaces/http/skill_handler.go:58.2,65.4 2 0
github.com/weibh/taskmanager/interfaces/http/skill_handler.go:69.81,73.27 3 0
github.com/weibh/taskmanager/interfaces/http/skill_handler.go:73.27,78.3 1 0
github.com/weibh/taskmanager/interfaces/http/skill_handler.go:80.2,84.4 2 0
github.com/weibh/taskmanager/interfaces/http/tools_handler.go:18.38,20.2 1 1
github.com/weibh/taskmanager/interfaces/http/tools_handler.go:23.81,45.2 3 0
github.com/weibh/taskmanager/interfaces/http/user_handler.go:15.83,17.2 1 1
github.com/weibh/taskmanager/interfaces/http/user_handler.go:33.74,35.61 2 1
github.com/weibh/taskmanager/interfaces/http/user_handler.go:35.61,39.3 3 1
github.com/weibh/taskmanager/interfaces/http/user_handler.go:41.2,48.16 2 1
github.com/weibh/taskmanager/interfaces/http/user_handler.go:48.16,52.3 3 0
github.com/weibh/taskmanager/interfaces/http/user_handler.go:54.2,55.48 2 1
github.com/weibh/taskmanager/interfaces/http/user_handler.go:58.73,60.16 2 1
github.com/weibh/taskmanager/interfaces/http/user_handler.go:60.16,64.3 3 0
github.com/weibh/taskmanager/interfaces/http/user_handler.go:66.2,67.29 2 1
github.com/weibh/taskmanager/interfaces/http/user_handler.go:67.29,69.3 1 1
github.com/weibh/taskmanager/interfaces/http/user_handler.go:70.2,70.38 1 1
github.com/weibh/taskmanager/interfaces/http/user_handler.go:73.71,75.14 2 1
github.com/weibh/taskmanager/interfaces/http/user_handler.go:75.14,79.3 3 1
github.com/weibh/taskmanager/interfaces/http/user_handler.go:81.2,82.16 2 1
github.com/weibh/taskmanager/interfaces/http/user_handler.go:82.16,86.3 3 1
github.com/weibh/taskmanager/interfaces/http/user_handler.go:87.2,87.48 1 0
github.com/weibh/taskmanager/interfaces/http/user_handler.go:90.74,92.14 2 1
github.com/weibh/taskmanager/interfaces/http/user_handler.go:92.14,96.3 3 1
github.com/weibh/taskmanager/interfaces/http/user_handler.go:98.2,99.61 2 0
github.com/weibh/taskmanager/interfaces/http/user_handler.go:99.61,103.3 3 0
github.com/weibh/taskmanager/interfaces/http/user_handler.go:105.2,111.16 2 0
github.com/weibh/taskmanager/interfaces/http/user_handler.go:111.16,115.3 3 0
github.com/weibh/taskmanager/interfaces/http/user_handler.go:116.2,116.48 1 0
github.com/weibh/taskmanager/interfaces/http/user_handler.go:119.74,121.14 2 1
github.com/weibh/taskmanager/interfaces/http/user_handler.go:121.14,125.3 3 1
github.com/weibh/taskmanager/interfaces/http/user_handler.go:126.2,126.84 1 0
github.com/weibh/taskmanager/interfaces/http/user_handler.go:126.84,130.3 3 0
github.com/weibh/taskmanager/interfaces/http/user_handler.go:131.2,131.67 1 0
github.com/weibh/taskmanager/interfaces/http/user_handler.go:134.58,145.2 1 1
